GROUP,PACKAGE,CLASS,INSTRUCTION_MISSED,INSTRUCTION_COVERED,BRANCH_MISSED,BRANCH_COVERED,LINE_MISSED,LINE_COVERED,COMPLEXITY_MISSED,COMPLEXITY_COVERED,METHOD_MISSED,METHOD_COVERED
TiKV Java Client,default,MySqlParser.LogicalOperatorContext,40,0,0,0,8,0,8,0,8,0
TiKV Java Client,default,MySqlParser.ExpressionsContext,35,0,0,0,7,0,7,0,7,0
TiKV Java Client,default,MySqlParser.PredicateExpressionContext,25,0,0,0,5,0,5,0,5,0
TiKV Java Client,default,MySqlParserListener,5,0,0,0,1,0,1,0,1,0
TiKV Java Client,default,MySqlParser.CharFunctionCallContext,40,0,0,0,8,0,8,0,8,0
TiKV Java Client,default,MySqlParser.BinaryComparisonPredicateContext,35,0,0,0,7,0,7,0,7,0
TiKV Java Client,default,MySqlParser.UnaryOperatorContext,30,0,0,0,6,0,6,0,6,0
TiKV Java Client,default,MySqlParser.IntervalTypeContext,90,0,0,0,18,0,18,0,18,0
TiKV Java Client,default,MySqlParser.BooleanLiteralContext,35,0,0,0,7,0,7,0,7,0
TiKV Java Client,default,MySqlParser.LengthTwoDimensionContext,35,0,0,0,7,0,7,0,7,0
TiKV Java Client,default,MySqlParser.DataTypeBaseContext,60,0,0,0,12,0,12,0,12,0
TiKV Java Client,default,MySqlParser.ExpressionAtomPredicateContext,35,0,0,0,7,0,7,0,7,0
TiKV Java Client,default,MySqlParserVisitor,5,0,0,0,1,0,1,0,1,0
TiKV Java Client,default,MySqlParser.RegexpPredicateContext,45,0,0,0,9,0,9,0,9,0
TiKV Java Client,default,MySqlParser.IsNullPredicateContext,35,0,0,0,7,0,7,0,7,0
TiKV Java Client,default,MySqlParser.SubstrFunctionCallContext,65,0,0,0,13,0,13,0,13,0
TiKV Java Client,default,MySqlParser.BitOperatorContext,25,0,0,0,5,0,5,0,5,0
TiKV Java Client,default,MySqlParser.ComparisonOperatorContext,25,0,0,0,5,0,5,0,5,0
TiKV Java Client,default,MySqlParserBaseVisitor,370,0,0,0,74,0,74,0,74,0
TiKV Java Client,default,MySqlParser.BinaryExpressionAtomContext,30,0,0,0,6,0,6,0,6,0
TiKV Java Client,default,MySqlParser.SimpleFunctionCallContext,45,0,0,0,9,0,9,0,9,0
TiKV Java Client,default,MySqlParser.ConstantExpressionAtomContext,25,0,0,0,5,0,5,0,5,0
TiKV Java Client,default,MySqlParser.ConvertedDataTypeContext,100,0,0,0,20,0,20,0,20,0
TiKV Java Client,default,MySqlParser.CaseFuncAlternativeContext,45,0,0,0,9,0,9,0,9,0
TiKV Java Client,default,MySqlParser.CaseFunctionCallContext,55,0,0,0,11,0,11,0,11,0
TiKV Java Client,default,MySqlParser,270,0,0,0,54,0,54,0,54,0
TiKV Java Client,default,MySqlParser.DottedIdContext,35,0,0,0,7,0,7,0,7,0
TiKV Java Client,default,MySqlParser.UidContext,40,0,0,0,8,0,8,0,8,0
TiKV Java Client,default,MySqlParser.NullNotnullContext,40,0,0,0,8,0,8,0,8,0
TiKV Java Client,default,MySqlLexer,45,0,0,0,9,0,9,0,9,0
TiKV Java Client,default,MySqlParser.IntervalTypeBaseContext,65,0,0,0,13,0,13,0,13,0
TiKV Java Client,default,MySqlParser.ExtractFunctionCallContext,45,0,0,0,9,0,9,0,9,0
TiKV Java Client,default,MySqlParser.FullColumnNameContext,40,0,0,0,8,0,8,0,8,0
TiKV Java Client,default,MySqlParser.DataTypeFunctionCallContext,55,0,0,0,11,0,11,0,11,0
TiKV Java Client,default,MySqlParser.HexadecimalLiteralContext,35,0,0,0,7,0,7,0,7,0
TiKV Java Client,default,MySqlParser.WeightFunctionCallContext,60,0,0,0,12,0,12,0,12,0
TiKV Java Client,default,MySqlParser.NestedRowExpressionAtomContext,35,0,0,0,7,0,7,0,7,0
TiKV Java Client,default,MySqlParser.CollateExpressionAtomContext,35,0,0,0,7,0,7,0,7,0
TiKV Java Client,default,MySqlParser.PredicateContext,20,0,0,0,3,0,4,0,4,0
TiKV Java Client,default,MySqlParser.LevelWeightListContext,35,0,0,0,7,0,7,0,7,0
TiKV Java Client,default,MySqlParser.FullColumnNameExpressionAtomContext,25,0,0,0,5,0,5,0,5,0
TiKV Java Client,default,MySqlParser.NestedExpressionAtomContext,30,0,0,0,6,0,6,0,6,0
TiKV Java Client,default,MySqlParser.MathOperatorContext,35,0,0,0,7,0,7,0,7,0
TiKV Java Client,default,MySqlParser.CollationNameContext,35,0,0,0,7,0,7,0,7,0
TiKV Java Client,default,MySqlParser.UdfFunctionCallContext,30,0,0,0,6,0,6,0,6,0
TiKV Java Client,default,MySqlParser.KeywordsCanBeIdContext,1400,0,0,0,280,0,280,0,280,0
TiKV Java Client,default,MySqlParser.BitExpressionAtomContext,35,0,0,0,7,0,7,0,7,0
TiKV Java Client,default,MySqlParser.MathExpressionAtomContext,35,0,0,0,7,0,7,0,7,0
TiKV Java Client,default,MySqlParser.FullIdContext,40,0,0,0,8,0,8,0,8,0
TiKV Java Client,default,MySqlParser.LevelWeightRangeContext,35,0,0,0,7,0,7,0,7,0
TiKV Java Client,default,MySqlParser.CharsetNameContext,45,0,0,0,9,0,9,0,9,0
TiKV Java Client,default,MySqlParser.ScalarFunctionCallContext,30,0,0,0,6,0,6,0,6,0
TiKV Java Client,default,MySqlParser.FunctionCallExpressionAtomContext,25,0,0,0,5,0,5,0,5,0
TiKV Java Client,default,MySqlParser.LikePredicateContext,50,0,0,0,10,0,10,0,10,0
TiKV Java Client,default,MySqlParser.FunctionArgContext,45,0,0,0,9,0,9,0,9,0
TiKV Java Client,default,MySqlParser.ExpressionContext,20,0,0,0,3,0,4,0,4,0
TiKV Java Client,default,MySqlParser.UnaryExpressionAtomContext,30,0,0,0,6,0,6,0,6,0
TiKV Java Client,default,MySqlParser.FunctionNameBaseContext,1595,0,0,0,319,0,319,0,319,0
TiKV Java Client,default,MySqlParser.SoundsLikePredicateContext,40,0,0,0,8,0,8,0,8,0
TiKV Java Client,default,MySqlParser.SpecificFunctionCallContext,25,0,0,0,5,0,5,0,5,0
TiKV Java Client,default,MySqlParser.CurrentTimestampContext,50,0,0,0,10,0,10,0,10,0
TiKV Java Client,default,MySqlParser.StringLiteralContext,35,0,0,0,7,0,7,0,7,0
TiKV Java Client,default,MySqlParser.ExpressionAtomContext,20,0,0,0,3,0,4,0,4,0
TiKV Java Client,default,MySqlParser.GetFormatFunctionCallContext,45,0,0,0,9,0,9,0,9,0
TiKV Java Client,default,MySqlParser.CharsetNameBaseContext,225,0,0,0,45,0,45,0,45,0
TiKV Java Client,default,MySqlParser.NotExpressionContext,30,0,0,0,6,0,6,0,6,0
TiKV Java Client,default,MySqlParser.IsExpressionContext,50,0,0,0,10,0,10,0,10,0
TiKV Java Client,default,MySqlParser.ValuesFunctionCallContext,30,0,0,0,6,0,6,0,6,0
TiKV Java Client,default,MySqlParser.FunctionArgsContext,65,0,0,0,13,0,13,0,13,0
TiKV Java Client,default,MySqlParser.PositionFunctionCallContext,50,0,0,0,10,0,10,0,10,0
TiKV Java Client,default,MySqlParser.LevelsInWeightStringContext,20,0,0,0,3,0,4,0,4,0
TiKV Java Client,default,MySqlParser.SimpleIdContext,55,0,0,0,11,0,11,0,11,0
TiKV Java Client,default,MySqlParser.LevelInWeightListElementContext,45,0,0,0,9,0,9,0,9,0
TiKV Java Client,default,MySqlParser.ConstantContext,70,0,0,0,14,0,14,0,14,0
TiKV Java Client,default,MySqlParserBaseListener,755,0,0,0,151,0,151,0,151,0
TiKV Java Client,default,MySqlParser.ScalarFunctionNameContext,140,0,0,0,28,0,28,0,28,0
TiKV Java Client,default,MySqlParser.IntervalExpressionAtomContext,35,0,0,0,7,0,7,0,7,0
TiKV Java Client,default,MySqlParser.LengthOneDimensionContext,30,0,0,0,6,0,6,0,6,0
TiKV Java Client,default,MySqlParser.DecimalLiteralContext,45,0,0,0,9,0,9,0,9,0
TiKV Java Client,default,MySqlParser.LogicalExpressionContext,35,0,0,0,7,0,7,0,7,0
TiKV Java Client,default,MySqlParser.TrimFunctionCallContext,65,0,0,0,13,0,13,0,13,0
TiKV Java Client,default,MySqlParser.InPredicateContext,40,0,0,0,8,0,8,0,8,0
TiKV Java Client,default,MySqlParser.SpecificFunctionContext,20,0,0,0,3,0,4,0,4,0
TiKV Java Client,default,MySqlParser.BetweenPredicateContext,45,0,0,0,9,0,9,0,9,0
TiKV Java Client,default,MySqlParser.FunctionCallContext,20,0,0,0,3,0,4,0,4,0
TiKV Java Client,org.tikv.common.log,SlowLogEmptyImpl,3,7,0,0,3,2,3,2,3,2
TiKV Java Client,org.tikv.common.log,SlowLogImpl,0,183,4,10,0,37,4,10,0,7
TiKV Java Client,org.tikv.common.log,SlowLogSpanEmptyImpl,5,6,0,0,2,2,2,2,2,2
TiKV Java Client,org.tikv.common.log,SlowLogSpanImpl,6,91,4,4,3,21,4,7,0,7
TiKV Java Client,org.tikv.common.predicates,TiKVScanAnalyzer.TiKVScanPlan,62,0,4,0,19,0,12,0,10,0
TiKV Java Client,org.tikv.common.predicates,IndexRange,44,0,4,0,9,0,8,0,6,0
TiKV Java Client,org.tikv.common.predicates,ScanSpec.Builder,217,0,18,0,54,0,15,0,6,0
TiKV Java Client,org.tikv.common.predicates,PredicateUtils,314,0,34,0,70,0,24,0,7,0
TiKV Java Client,org.tikv.common.predicates,ScanSpec,21,0,0,0,8,0,4,0,4,0
TiKV Java Client,org.tikv.common.predicates,SelectivityCalculator,43,0,6,0,11,0,6,0,3,0
TiKV Java Client,org.tikv.common.predicates,TiKVScanAnalyzer,843,0,116,0,199,0,74,0,16,0
TiKV Java Client,org.tikv.common.predicates,PredicateUtils.new DefaultVisitor() {...},9,0,0,0,3,0,2,0,2,0
TiKV Java Client,org.tikv.common.predicates,TiKVScanAnalyzer.TiKVScanPlan.Builder,251,0,16,0,62,0,23,0,14,0
TiKV Java Client,org.tikv.common.pd,PDError.ErrorType,24,0,0,0,3,0,1,0,1,0
TiKV Java Client,org.tikv.common.pd,PDError.RegionPeerNotElected,17,0,0,0,6,0,2,0,2,0
TiKV Java Client,org.tikv.common.pd,PDUtils,3,57,0,4,1,8,1,5,1,3
TiKV Java Client,org.tikv.common.pd,PDError,56,0,0,0,15,0,9,0,9,0
TiKV Java Client,org.tikv.common.pd,PDError.Builder,34,0,0,0,10,0,5,0,5,0
TiKV Java Client,org.tikv.common.operation,KVErrorHandler,82,54,5,5,20,17,5,5,2,3
TiKV Java Client,org.tikv.common.operation,SchemaInfer,95,0,8,0,23,0,11,0,7,0
TiKV Java Client,org.tikv.common.operation,RegionErrorHandler,501,110,44,10,95,28,28,8,3,6
TiKV Java Client,org.tikv.common.operation,PDErrorHandler,69,56,9,6,15,17,8,5,0,5
TiKV Java Client,org.tikv.common.operation,NoopHandler,7,0,0,0,3,0,3,0,3,0
TiKV Java Client,org.tikv.common.event,CacheInvalidateEvent,139,0,14,0,32,0,18,0,11,0
TiKV Java Client,org.tikv.common.event,CacheInvalidateEvent.CacheType,34,0,0,0,4,0,1,0,1,0
TiKV Java Client,org.tikv.txn.exception,WriteConflictException,27,0,0,0,4,0,1,0,1,0
TiKV Java Client,org.tikv.txn.exception,LockException,9,0,0,0,4,0,2,0,2,0
TiKV Java Client,org.tikv.txn.exception,TxnNotFoundException,3,0,0,0,1,0,1,0,1,0
TiKV Java Client,deadlock,DeadlockGrpc.new AbstractStub.StubFactory() {...},10,0,0,0,2,0,2,0,2,0
TiKV Java Client,deadlock,DeadlockGrpc.new AbstractStub.StubFactory() {...},10,0,0,0,2,0,2,0,2,0
TiKV Java Client,deadlock,DeadlockGrpc.new AbstractStub.StubFactory() {...},10,0,0,0,2,0,2,0,2,0
TiKV Java Client,deadlock,DeadlockGrpc.MethodHandlers,36,0,4,0,12,0,5,0,3,0
TiKV Java Client,deadlock,DeadlockOuterClass.WaitForEntriesResponse,418,0,41,0,113,0,59,0,38,0
TiKV Java Client,deadlock,DeadlockOuterClass.WaitForEntry.new AbstractParser() {...},10,0,0,0,2,0,2,0,2,0
TiKV Java Client,deadlock,DeadlockOuterClass.WaitForEntry.Builder,253,0,16,0,80,0,39,0,31,0
TiKV Java Client,deadlock,DeadlockGrpc.DeadlockBlockingStub,20,0,0,0,5,0,3,0,3,0
TiKV Java Client,deadlock,DeadlockOuterClass.new Descriptors.FileDescriptor.InternalDescriptorAssigner() {...},8,0,0,0,3,0,2,0,2,0
TiKV Java Client,deadlock,DeadlockOuterClass.DeadlockRequest.new AbstractParser() {...},10,0,0,0,2,0,2,0,2,0
TiKV Java Client,deadlock,DeadlockGrpc,140,0,12,0,48,0,12,0,6,0
TiKV Java Client,deadlock,DeadlockGrpc.DeadlockStub,30,0,0,0,8,0,4,0,4,0
TiKV Java Client,deadlock,DeadlockOuterClass.DeadlockResponse.Builder,380,0,44,0,111,0,56,0,34,0
TiKV Java Client,deadlock,DeadlockOuterClass.DeadlockResponse.new AbstractParser() {...},10,0,0,0,2,0,2,0,2,0
TiKV Java Client,deadlock,DeadlockOuterClass.WaitForEntriesRequest.new AbstractParser() {...},10,0,0,0,2,0,2,0,2,0
TiKV Java Client,deadlock,DeadlockOuterClass.DeadlockResponse,461,0,60,0,125,0,68,0,37,0
TiKV Java Client,deadlock,DeadlockGrpc.DeadlockMethodDescriptorSupplier,12,0,0,0,4,0,2,0,2,0
TiKV Java Client,deadlock,DeadlockOuterClass.DeadlockRequest,472,0,62,0,127,0,70,0,38,0
TiKV Java Client,deadlock,DeadlockOuterClass.DeadlockRequest.Builder,408,0,48,0,119,0,60,0,36,0
TiKV Java Client,deadlock,DeadlockGrpc.DeadlockFutureStub,20,0,0,0,5,0,3,0,3,0
TiKV Java Client,deadlock,DeadlockOuterClass.WaitForEntriesRequest.Builder,148,0,10,0,47,0,27,0,22,0
TiKV Java Client,deadlock,DeadlockOuterClass.WaitForEntry,472,0,53,0,131,0,64,0,36,0
TiKV Java Client,deadlock,DeadlockOuterClass.WaitForEntriesResponse.new AbstractParser() {...},10,0,0,0,2,0,2,0,2,0
TiKV Java Client,deadlock,DeadlockOuterClass.WaitForEntriesRequest,293,0,26,0,89,0,46,0,33,0
TiKV Java Client,deadlock,DeadlockOuterClass.DeadlockRequestType,123,0,10,0,28,0,16,0,10,0
TiKV Java Client,deadlock,DeadlockGrpc.DeadlockBaseDescriptorSupplier,10,0,0,0,3,0,3,0,3,0
TiKV Java Client,deadlock,DeadlockOuterClass,134,0,0,0,25,0,4,0,4,0
TiKV Java Client,deadlock,DeadlockOuterClass.DeadlockRequestType.new Internal.EnumLiteMap() {...},6,0,0,0,2,0,2,0,2,0
TiKV Java Client,deadlock,DeadlockOuterClass.WaitForEntriesResponse.Builder,623,0,68,0,170,0,76,0,42,0
TiKV Java Client,deadlock,DeadlockGrpc.DeadlockImplBase,31,0,0,0,12,0,4,0,4,0
TiKV Java Client,deadlock,DeadlockGrpc.DeadlockFileDescriptorSupplier,3,0,0,0,1,0,1,0,1,0
TiKV Java Client,org.tikv.common.types,BytesType,264,0,32,0,57,0,31,0,15,0
TiKV Java Client,org.tikv.common.types,TimestampType,95,0,4,0,27,0,13,0,11,0
TiKV Java Client,org.tikv.common.types,DateTimeType,53,0,0,0,12,0,9,0,9,0
TiKV Java Client,org.tikv.common.types,Charset,3,0,0,0,1,0,1,0,1,0
TiKV Java Client,org.tikv.common.types,AbstractDateTimeType,223,0,22,0,47,0,21,0,10,0
TiKV Java Client,org.tikv.common.types,DataType,968,63,130,1,212,22,132,4,58,4
TiKV Java Client,org.tikv.common.types,EnumType,111,0,5,0,30,0,16,0,13,0
TiKV Java Client,org.tikv.common.types,DateType,148,0,14,0,39,0,20,0,13,0
TiKV Java Client,org.tikv.common.types,Converter,912,0,110,0,196,0,77,0,22,0
TiKV Java Client,org.tikv.common.types,JsonType,112,0,2,0,20,0,14,0,13,0
TiKV Java Client,org.tikv.common.types,MySQLType,521,0,4,0,51,0,10,0,8,0
TiKV Java Client,org.tikv.common.types,DataType.EncodeType,34,0,0,0,4,0,1,0,1,0
TiKV Java Client,org.tikv.common.types,StringType,197,0,30,0,44,0,23,0,8,0
TiKV Java Client,org.tikv.common.types,SetType,81,0,3,0,21,0,14,0,12,0
TiKV Java Client,org.tikv.common.types,BitType,152,0,15,0,30,0,18,0,10,0
TiKV Java Client,org.tikv.common.types,DataTypeFactory,261,0,14,0,52,0,13,0,6,0
TiKV Java Client,org.tikv.common.types,RealType,216,0,30,0,54,0,27,0,12,0
TiKV Java Client,org.tikv.common.types,TimeType,101,0,6,0,26,0,15,0,12,0
TiKV Java Client,org.tikv.common.types,UninitializedType,72,0,0,0,16,0,12,0,12,0
TiKV Java Client,org.tikv.common.types,DecimalType,277,0,26,0,63,0,27,0,14,0
TiKV Java Client,org.tikv.common.types,IntegerType,241,0,25,0,58,0,29,0,15,0
TiKV Java Client,replication_modepb,ReplicationModepb.DRAutoSync,570,0,68,0,157,0,75,0,39,0
TiKV Java Client,replication_modepb,ReplicationModepb.RegionReplicationState,123,0,10,0,28,0,16,0,10,0
TiKV Java Client,replication_modepb,ReplicationModepb.ReplicationStatus,472,0,62,0,127,0,70,0,38,0
TiKV Java Client,replication_modepb,ReplicationModepb.ReplicationMode,110,0,9,0,26,0,15,0,10,0
TiKV Java Client,replication_modepb,ReplicationModepb.RegionReplicationStatus.Builder,246,0,18,0,77,0,39,0,30,0
TiKV Java Client,replication_modepb,ReplicationModepb.ReplicationMode.new Internal.EnumLiteMap() {...},6,0,0,0,2,0,2,0,2,0
TiKV Java Client,replication_modepb,ReplicationModepb.RegionReplicationStatus.new AbstractParser() {...},10,0,0,0,2,0,2,0,2,0
TiKV Java Client,replication_modepb,ReplicationModepb.ReplicationStatus.new AbstractParser() {...},10,0,0,0,2,0,2,0,2,0
TiKV Java Client,replication_modepb,ReplicationModepb.DRAutoSyncState,123,0,10,0,28,0,16,0,10,0
TiKV Java Client,replication_modepb,ReplicationModepb.DRAutoSync.Builder,377,0,30,0,122,0,53,0,38,0
TiKV Java Client,replication_modepb,ReplicationModepb.DRAutoSync.new AbstractParser() {...},10,0,0,0,2,0,2,0,2,0
TiKV Java Client,replication_modepb,ReplicationModepb,4,90,0,0,3,12,2,2,2,2
TiKV Java Client,replication_modepb,ReplicationModepb.ReplicationStatus.Builder,408,0,48,0,119,0,60,0,36,0
TiKV Java Client,replication_modepb,ReplicationModepb.DRAutoSyncState.new Internal.EnumLiteMap() {...},6,0,0,0,2,0,2,0,2,0
TiKV Java Client,replication_modepb,ReplicationModepb.RegionReplicationStatus,423,0,46,0,118,0,60,0,36,0
TiKV Java Client,replication_modepb,ReplicationModepb.RegionReplicationState.new Internal.EnumLiteMap() {...},6,0,0,0,2,0,2,0,2,0
TiKV Java Client,replication_modepb,ReplicationModepb.new Descriptors.FileDescriptor.InternalDescriptorAssigner() {...},0,8,0,0,0,3,0,2,0,2
TiKV Java Client,org.tikv.common.parser,MySqlParserBaseVisitor,295,0,0,0,74,0,74,0,74,0
TiKV Java Client,org.tikv.common.parser,MySqlParser.CollateExpressionAtomContext,51,0,6,0,10,0,10,0,7,0
TiKV Java Client,org.tikv.common.parser,MySqlParser.LevelWeightRangeContext,49,0,6,0,10,0,10,0,7,0
TiKV Java Client,org.tikv.common.parser,MySqlParser.ConvertedDataTypeContext,113,0,6,0,24,0,23,0,20,0
TiKV Java Client,org.tikv.common.parser,MySqlParser.CollationNameContext,46,0,6,0,11,0,10,0,7,0
TiKV Java Client,org.tikv.common.parser,MySqlParser.InPredicateContext,56,0,6,0,11,0,11,0,8,0
TiKV Java Client,org.tikv.common.parser,MySqlParser.FunctionArgContext,59,0,6,0,13,0,12,0,9,0
TiKV Java Client,org.tikv.common.parser,MySqlParser.BetweenPredicateContext,59,0,6,0,12,0,12,0,9,0
TiKV Java Client,org.tikv.common.parser,MySqlParser.StringLiteralContext,44,0,6,0,11,0,10,0,7,0
TiKV Java Client,org.tikv.common.parser,MySqlParser.ExpressionAtomPredicateContext,50,0,6,0,10,0,10,0,7,0
TiKV Java Client,org.tikv.common.parser,MySqlParser.BinaryComparisonPredicateContext,50,0,6,0,10,0,10,0,7,0
TiKV Java Client,org.tikv.common.parser,MySqlParser.TrimFunctionCallContext,79,0,6,0,16,0,16,0,13,0
TiKV Java Client,org.tikv.common.parser,MySqlParser.HexadecimalLiteralContext,45,0,6,0,11,0,10,0,7,0
TiKV Java Client,org.tikv.common.parser,MySqlParser.IntervalTypeBaseContext,75,0,6,0,17,0,16,0,13,0
TiKV Java Client,org.tikv.common.parser,MySqlParser.NestedRowExpressionAtomContext,49,0,6,0,10,0,10,0,7,0
TiKV Java Client,org.tikv.common.parser,MySqlParser.ValuesFunctionCallContext,45,0,6,0,9,0,9,0,6,0
TiKV Java Client,org.tikv.common.parser,MySqlParser.LengthOneDimensionContext,41,0,6,0,10,0,9,0,6,0
TiKV Java Client,org.tikv.common.parser,MySqlParser.LikePredicateContext,64,0,6,0,13,0,13,0,10,0
TiKV Java Client,org.tikv.common.parser,MySqlParser.IntervalExpressionAtomContext,51,0,6,0,10,0,10,0,7,0
TiKV Java Client,org.tikv.common.parser,MySqlParser.DataTypeFunctionCallContext,72,0,6,0,14,0,14,0,11,0
TiKV Java Client,org.tikv.common.parser,MySqlParser.DataTypeBaseContext,70,0,6,0,16,0,15,0,12,0
TiKV Java Client,org.tikv.common.parser,MySqlParser.UdfFunctionCallContext,46,0,6,0,9,0,9,0,6,0
TiKV Java Client,org.tikv.common.parser,MySqlParser.FunctionArgsContext,75,0,6,0,17,0,16,0,13,0
TiKV Java Client,org.tikv.common.parser,MySqlParser.ConstantContext,84,0,6,0,18,0,17,0,14,0
TiKV Java Client,org.tikv.common.parser,MySqlParser.ExpressionAtomContext,14,0,0,0,6,0,4,0,4,0
TiKV Java Client,org.tikv.common.parser,MySqlParser.CharsetNameContext,56,0,6,0,13,0,12,0,9,0
TiKV Java Client,org.tikv.common.parser,MySqlParser.CharsetNameBaseContext,235,0,6,0,49,0,48,0,45,0
TiKV Java Client,org.tikv.common.parser,MySqlParser.PositionFunctionCallContext,64,0,6,0,13,0,13,0,10,0
TiKV Java Client,org.tikv.common.parser,MySqlParser.NotExpressionContext,45,0,6,0,9,0,9,0,6,0
TiKV Java Client,org.tikv.common.parser,MySqlParser.ScalarFunctionCallContext,46,0,6,0,9,0,9,0,6,0
TiKV Java Client,org.tikv.common.parser,MySqlParser.IsExpressionContext,65,0,6,0,13,0,13,0,10,0
TiKV Java Client,org.tikv.common.parser,MySqlParser.LevelsInWeightStringContext,14,0,0,0,6,0,4,0,4,0
TiKV Java Client,org.tikv.common.parser,MySqlParser.CurrentTimestampContext,61,0,6,0,14,0,13,0,10,0
TiKV Java Client,org.tikv.common.parser,MySqlParser.SimpleIdContext,70,0,6,0,15,0,14,0,11,0
TiKV Java Client,org.tikv.common.parser,MySqlParser.IntervalTypeContext,101,0,6,0,22,0,21,0,18,0
TiKV Java Client,org.tikv.common.parser,MySqlParser.LengthTwoDimensionContext,45,0,6,0,11,0,10,0,7,0
TiKV Java Client,org.tikv.common.parser,MySqlParser.SpecificFunctionCallContext,40,0,6,0,8,0,8,0,5,0
TiKV Java Client,org.tikv.common.parser,MySqlParser.LevelWeightListContext,49,0,6,0,10,0,10,0,7,0
TiKV Java Client,org.tikv.common.parser,MySqlParser.KeywordsCanBeIdContext,1410,0,6,0,284,0,283,0,280,0
TiKV Java Client,org.tikv.common.parser,MySqlParser.BinaryExpressionAtomContext,45,0,6,0,9,0,9,0,6,0
TiKV Java Client,org.tikv.common.parser,MySqlParser.MathExpressionAtomContext,50,0,6,0,10,0,10,0,7,0
TiKV Java Client,org.tikv.common.parser,MySqlParser.SimpleFunctionCallContext,59,0,6,0,12,0,12,0,9,0
TiKV Java Client,org.tikv.common.parser,MySqlParser.ComparisonOperatorContext,35,0,6,0,9,0,8,0,5,0
TiKV Java Client,org.tikv.common.parser,MySqlParser.SoundsLikePredicateContext,54,0,6,0,11,0,11,0,8,0
TiKV Java Client,org.tikv.common.parser,MySqlParser.NullNotnullContext,50,0,6,0,12,0,11,0,8,0
TiKV Java Client,org.tikv.common.parser,MySqlParser.LogicalOperatorContext,50,0,6,0,12,0,11,0,8,0
TiKV Java Client,org.tikv.common.parser,MySqlParser.UnaryOperatorContext,40,0,6,0,10,0,9,0,6,0
TiKV Java Client,org.tikv.common.parser,MySqlParser.CharFunctionCallContext,56,0,6,0,11,0,11,0,8,0
TiKV Java Client,org.tikv.common.parser,MySqlParser,16026,0,675,0,1894,0,462,0,55,0
TiKV Java Client,org.tikv.common.parser,TiParser,80,0,2,0,19,0,4,0,3,0
TiKV Java Client,org.tikv.common.parser,MySqlParser.GetFormatFunctionCallContext,60,0,6,0,12,0,12,0,9,0
TiKV Java Client,org.tikv.common.parser,MySqlParser.ExtractFunctionCallContext,62,0,6,0,12,0,12,0,9,0
TiKV Java Client,org.tikv.common.parser,MySqlParser.FunctionCallContext,14,0,0,0,6,0,4,0,4,0
TiKV Java Client,org.tikv.common.parser,MySqlParser.IsNullPredicateContext,51,0,6,0,10,0,10,0,7,0
TiKV Java Client,org.tikv.common.parser,MySqlParser.BitOperatorContext,35,0,6,0,9,0,8,0,5,0
TiKV Java Client,org.tikv.common.parser,MySqlParserBaseListener,153,0,0,0,151,0,151,0,151,0
TiKV Java Client,org.tikv.common.parser,MySqlParser.FullIdContext,50,0,6,0,12,0,11,0,8,0
TiKV Java Client,org.tikv.common.parser,MySqlParser.SpecificFunctionContext,14,0,0,0,6,0,4,0,4,0
TiKV Java Client,org.tikv.common.parser,MySqlParser.DottedIdContext,46,0,6,0,11,0,10,0,7,0
TiKV Java Client,org.tikv.common.parser,MySqlParser.DecimalLiteralContext,55,0,6,0,13,0,12,0,9,0
TiKV Java Client,org.tikv.common.parser,MySqlParser.CaseFuncAlternativeContext,55,0,6,0,13,0,12,0,9,0
TiKV Java Client,org.tikv.common.parser,MySqlParser.BooleanLiteralContext,45,0,6,0,11,0,10,0,7,0
TiKV Java Client,org.tikv.common.parser,MySqlParser.NestedExpressionAtomContext,44,0,6,0,9,0,9,0,6,0
TiKV Java Client,org.tikv.common.parser,MySqlLexer,11860,0,8,0,33,0,14,0,10,0
TiKV Java Client,org.tikv.common.parser,MySqlParser.LevelInWeightListElementContext,56,0,6,0,13,0,12,0,9,0
TiKV Java Client,org.tikv.common.parser,MySqlParser.ScalarFunctionNameContext,151,0,6,0,32,0,31,0,28,0
TiKV Java Client,org.tikv.common.parser,MySqlParser.CaseFunctionCallContext,71,0,6,0,14,0,14,0,11,0
TiKV Java Client,org.tikv.common.parser,MySqlParser.WeightFunctionCallContext,78,0,6,0,15,0,15,0,12,0
TiKV Java Client,org.tikv.common.parser,MySqlParser.FullColumnNameContext,51,0,6,0,12,0,11,0,8,0
TiKV Java Client,org.tikv.common.parser,MySqlParser.MathOperatorContext,45,0,6,0,11,0,10,0,7,0
TiKV Java Client,org.tikv.common.parser,MySqlParser.PredicateContext,14,0,0,0,6,0,4,0,4,0
TiKV Java Client,org.tikv.common.parser,MySqlParser.SubstrFunctionCallContext,80,0,6,0,16,0,16,0,13,0
TiKV Java Client,org.tikv.common.parser,MySqlParser.UidContext,51,0,6,0,12,0,11,0,8,0
TiKV Java Client,org.tikv.common.parser,MySqlParser.LogicalExpressionContext,50,0,6,0,10,0,10,0,7,0
TiKV Java Client,org.tikv.common.parser,MySqlParser.ExpressionContext,14,0,0,0,6,0,4,0,4,0
TiKV Java Client,org.tikv.common.parser,MySqlParser.PredicateExpressionContext,40,0,6,0,8,0,8,0,5,0
TiKV Java Client,org.tikv.common.parser,MySqlParser.RegexpPredicateContext,59,0,6,0,12,0,12,0,9,0
TiKV Java Client,org.tikv.common.parser,MySqlParser.FullColumnNameExpressionAtomContext,40,0,6,0,8,0,8,0,5,0
TiKV Java Client,org.tikv.common.parser,MySqlParser.ConstantExpressionAtomContext,40,0,6,0,8,0,8,0,5,0
TiKV Java Client,org.tikv.common.parser,MySqlParser.UnaryExpressionAtomContext,46,0,6,0,9,0,9,0,6,0
TiKV Java Client,org.tikv.common.parser,AstBuilder,463,0,51,0,88,0,46,0,16,0
TiKV Java Client,org.tikv.common.parser,MySqlParser.FunctionCallExpressionAtomContext,40,0,6,0,8,0,8,0,5,0
TiKV Java Client,org.tikv.common.parser,MySqlParser.BitExpressionAtomContext,50,0,6,0,10,0,10,0,7,0
TiKV Java Client,org.tikv.common.parser,MySqlParser.ExpressionsContext,45,0,6,0,11,0,10,0,7,0
TiKV Java Client,org.tikv.common.parser,MySqlParser.FunctionNameBaseContext,1605,0,6,0,323,0,322,0,319,0
TiKV Java Client,org.tikv.common.parser,CaseChangingCharStream,62,0,4,0,21,0,12,0,10,0
TiKV Java Client,org.tikv.common.streaming,StreamingResponse,94,0,14,0,25,0,13,0,6,0
TiKV Java Client,org.tikv.txn,ResolveLockResult,26,0,0,0,10,0,4,0,4,0
TiKV Java Client,org.tikv.txn,Lock,59,0,2,0,16,0,9,0,8,0
TiKV Java Client,org.tikv.txn,TxnStatus,83,0,4,0,30,0,13,0,11,0
TiKV Java Client,org.tikv.txn,TwoPhaseCommitter,1322,0,102,0,293,0,78,0,27,0
TiKV Java Client,org.tikv.txn,LockResolverClientV4,769,35,80,0,168,8,60,2,20,2
TiKV Java Client,org.tikv.txn,LockResolverClientV3,539,35,54,0,114,8,42,2,15,2
TiKV Java Client,org.tikv.txn,LockResolverClientV2,490,0,46,0,105,0,42,0,19,0
TiKV Java Client,org.tikv.txn,TTLManager,238,0,10,0,51,0,11,0,6,0
TiKV Java Client,org.tikv.txn,TwoPhaseCommitter.new Iterator() {...},20,0,0,0,3,0,3,0,3,0
TiKV Java Client,org.tikv.txn,TwoPhaseCommitter.new Iterator() {...},28,0,0,0,5,0,3,0,3,0
TiKV Java Client,org.tikv.txn,KVClient,271,0,8,0,62,0,18,0,14,0
TiKV Java Client,org.tikv.txn,TxnExpireTime,57,0,8,0,19,0,8,0,4,0
TiKV Java Client,org.tikv.txn,TxnKVClient,181,0,8,0,51,0,14,0,10,0
TiKV Java Client,org.tikv.txn,AbstractLockResolverClient,66,66,5,7,10,10,5,3,0,2
TiKV Java Client,org.tikv.common.operation.iterator,ScanIterator,54,104,8,12,10,28,7,5,0,2
TiKV Java Client,org.tikv.common.operation.iterator,CoprocessorIterator,152,0,8,0,41,0,10,0,6,0
TiKV Java Client,org.tikv.common.operation.iterator,ChunkIterator.new ChunkIterator() {...},45,0,2,0,8,0,3,0,2,0
TiKV Java Client,org.tikv.common.operation.iterator,ChunkIterator.new ChunkIterator() {...},25,0,0,0,5,0,2,0,2,0
TiKV Java Client,org.tikv.common.operation.iterator,IndexScanIterator,160,0,16,0,43,0,13,0,5,0
TiKV Java Client,org.tikv.common.operation.iterator,RawScanIterator,9,147,8,20,3,25,8,13,0,7
TiKV Java Client,org.tikv.common.operation.iterator,CoprocessorIterator.new DAGIterator() {...},23,0,0,0,2,0,2,0,2,0
TiKV Java Client,org.tikv.common.operation.iterator,CoprocessorIterator.new DAGIterator() {...},276,0,26,0,44,0,15,0,2,0
TiKV Java Client,org.tikv.common.operation.iterator,CoprocessorIterator.new DAGIterator() {...},21,0,0,0,2,0,2,0,2,0
TiKV Java Client,org.tikv.common.operation.iterator,ChunkIterator,130,0,20,0,26,0,16,0,6,0
TiKV Java Client,org.tikv.common.operation.iterator,DAGIterator,456,0,69,0,109,0,50,0,13,0
TiKV Java Client,org.tikv.common.operation.iterator,ConcreteScanIterator,229,0,28,0,42,0,23,0,9,0
TiKV Java Client,com.google.protobuf,GoGoProtos,217,806,0,0,74,221,2,2,2,2
TiKV Java Client,com.google.protobuf,GoGoProtos.new Descriptors.FileDescriptor.InternalDescriptorAssigner() {...},0,8,0,0,0,3,0,2,0,2
TiKV Java Client,org.tikv.common.key,TypedKey,184,0,10,0,38,0,16,0,11,0
TiKV Java Client,org.tikv.common.key,IndexScanKeyRangeBuilder,59,0,0,0,9,0,3,0,3,0
TiKV Java Client,org.tikv.common.key,IndexKey.EncodeIndexDataResult,9,0,0,0,4,0,1,0,1,0
TiKV Java Client,org.tikv.common.key,KeyRangeBuilder,104,0,12,0,27,0,10,0,4,0
TiKV Java Client,org.tikv.common.key,Key.new Key() {...},4,4,0,0,2,1,2,1,2,1
TiKV Java Client,org.tikv.common.key,Key.new Key() {...},2,4,0,0,1,1,1,1,1,1
TiKV Java Client,org.tikv.common.key,Key.new Key() {...},2,4,0,0,1,1,1,1,1,1
TiKV Java Client,org.tikv.common.key,Key.new Key() {...},2,4,0,0,1,1,1,1,1,1
TiKV Java Client,org.tikv.common.key,RowKey.DecodeResult,3,0,0,0,1,0,1,0,1,0
TiKV Java Client,org.tikv.common.key,IndexKey,199,0,16,0,41,0,17,0,9,0
TiKV Java Client,org.tikv.common.key,StatisticsKeyRangeBuilder,31,0,0,0,7,0,3,0,3,0
TiKV Java Client,org.tikv.common.key,RowKey.DecodeResult.Status,64,0,0,0,7,0,1,0,1,0
TiKV Java Client,org.tikv.common.key,CompoundKey,40,0,0,0,9,0,5,0,5,0
TiKV Java Client,org.tikv.common.key,Key,70,185,12,12,15,40,15,19,6,16
TiKV Java Client,org.tikv.common.key,CompoundKey.Builder,87,0,8,0,19,0,7,0,3,0
TiKV Java Client,org.tikv.common.key,RowKey,170,0,6,0,45,0,19,0,16,0
TiKV Java Client,org.tikv.common.exception,SelectException,17,0,0,0,7,0,3,0,3,0
TiKV Java Client,org.tikv.common.exception,UnsupportedSyntaxException,4,0,0,0,2,0,1,0,1,0
TiKV Java Client,org.tikv.common.exception,InvalidCodecFormatException,0,4,0,0,0,2,0,1,0,1
TiKV Java Client,org.tikv.common.exception,AllocateRowIDOverflowException,22,0,0,0,4,0,1,0,1,0
TiKV Java Client,org.tikv.common.exception,RegionTaskException,5,0,0,0,2,0,1,0,1,0
TiKV Java Client,org.tikv.common.exception,WriteConflictException,27,0,0,0,4,0,1,0,1,0
TiKV Java Client,org.tikv.common.exception,CastingException,8,0,0,0,4,0,2,0,2,0
TiKV Java Client,org.tikv.common.exception,TiDBConvertException,14,0,0,0,2,0,1,0,1,0
TiKV Java Client,org.tikv.common.exception,TypeException,9,0,0,0,4,0,2,0,2,0
TiKV Java Client,org.tikv.common.exception,UnsupportedTypeException,4,0,0,0,2,0,1,0,1,0
TiKV Java Client,org.tikv.common.exception,DAGRequestException,4,0,0,0,2,0,1,0,1,0
TiKV Java Client,org.tikv.common.exception,TiExpressionException,9,0,0,0,4,0,2,0,2,0
TiKV Java Client,org.tikv.common.exception,CodecException,4,0,0,0,2,0,1,0,1,0
TiKV Java Client,org.tikv.common.exception,RegionException,3,15,0,0,1,3,1,1,1,1
TiKV Java Client,org.tikv.common.exception,TiKVException,0,13,0,0,0,6,0,3,0,3
TiKV Java Client,org.tikv.common.exception,UnsupportedPartitionExprException,4,0,0,0,2,0,1,0,1,0
TiKV Java Client,org.tikv.common.exception,TiClientInternalException,9,0,0,0,4,0,2,0,2,0
TiKV Java Client,org.tikv.common.exception,ConvertNotSupportException,14,0,0,0,2,0,1,0,1,0
TiKV Java Client,org.tikv.common.exception,KeyException,3,14,0,0,1,6,1,2,1,2
TiKV Java Client,org.tikv.common.exception,CircuitBreakerOpenException,0,4,0,0,0,2,0,1,0,1
TiKV Java Client,org.tikv.common.exception,GrpcException,4,9,0,0,2,4,1,2,1,2
TiKV Java Client,org.tikv.common.exception,TiInternalException,8,0,0,0,4,0,2,0,2,0
TiKV Java Client,org.tikv.common.exception,IgnoreUnsupportedTypeException,4,0,0,0,2,0,1,0,1,0
TiKV Java Client,org.tikv.common.exception,TiBatchWriteException,9,0,0,0,4,0,2,0,2,0
TiKV Java Client,org.tikv.common.exception,ConvertOverflowException,87,0,0,0,10,0,8,0,8,0
TiKV Java Client,org.tikv.common.exception,InvalidStoreException,0,12,0,0,0,2,0,1,0,1
TiKV Java Client,org.tikv.raw,RawKVClient.new HashMap() {...},0,42,0,0,0,6,0,1,0,1
TiKV Java Client,org.tikv.raw,RawKVClient.new HashMap() {...},0,23,0,0,0,4,0,1,0,1
TiKV Java Client,org.tikv.raw,RawKVClient.new HashMap() {...},23,0,0,0,4,0,1,0,1,0
TiKV Java Client,org.tikv.raw,RawKVClient.new HashMap() {...},22,0,0,0,4,0,1,0,1,0
TiKV Java Client,org.tikv.raw,RawKVClient.new HashMap() {...},0,52,0,0,0,7,0,1,0,1
TiKV Java Client,org.tikv.raw,RawKVClient.new HashMap() {...},0,22,0,0,0,4,0,1,0,1
TiKV Java Client,org.tikv.raw,RawKVClient.new HashMap() {...},0,22,0,0,0,4,0,1,0,1
TiKV Java Client,org.tikv.raw,RawKVClient.new HashMap() {...},0,23,0,0,0,4,0,1,0,1
TiKV Java Client,org.tikv.raw,RawKVClient.new HashMap() {...},0,22,0,0,0,4,0,1,0,1
TiKV Java Client,org.tikv.raw,RawKVClient.new HashMap() {...},0,32,0,0,0,5,0,1,0,1
TiKV Java Client,org.tikv.raw,SmartRawKVClient,416,203,0,4,51,52,57,8,57,6
TiKV Java Client,org.tikv.raw,RawKVClient,885,1390,33,35,207,287,43,48,22,35
TiKV Java Client,org.tikv.common.meta,TiUserIdentity,18,0,0,0,7,0,1,0,1,0
TiKV Java Client,org.tikv.common.meta,TiTableInfo,473,0,46,0,133,0,59,0,36,0
TiKV Java Client,org.tikv.common.meta,TiPartitionDef,37,0,4,0,12,0,6,0,4,0
TiKV Java Client,org.tikv.common.meta,SchemaState,114,0,4,0,15,0,6,0,4,0
TiKV Java Client,org.tikv.common.meta,TiPartitionExpr,28,0,2,0,9,0,6,0,5,0
TiKV Java Client,org.tikv.common.meta,IndexType,90,0,7,0,16,0,9,0,5,0
TiKV Java Client,org.tikv.common.meta,TiDAGRequest,1862,0,150,0,441,0,171,0,95,0
TiKV Java Client,org.tikv.common.meta,TiSequenceInfo,27,0,0,0,10,0,1,0,1,0
TiKV Java Client,org.tikv.common.meta,CIStr,22,0,0,0,7,0,4,0,4,0
TiKV Java Client,org.tikv.common.meta,TiDAGRequest.PushDownType,24,0,0,0,3,0,1,0,1,0
TiKV Java Client,org.tikv.common.meta,TiViewInfo,35,0,2,0,12,0,2,0,1,0
TiKV Java Client,org.tikv.common.meta,Collation,931,0,6,0,236,0,7,0,4,0
TiKV Java Client,org.tikv.common.meta,TiDBInfo,122,0,8,0,32,0,15,0,11,0
TiKV Java Client,org.tikv.common.meta,TiPartitionInfo.PartitionType,44,0,0,0,5,0,1,0,1,0
TiKV Java Client,org.tikv.common.meta,TiDAGRequest.TruncateMode,39,0,0,0,7,0,3,0,3,0
TiKV Java Client,org.tikv.common.meta,TiIndexInfo,289,0,18,0,73,0,26,0,17,0
TiKV Java Client,org.tikv.common.meta,TiFlashReplicaInfo,52,0,4,0,14,0,8,0,6,0
TiKV Java Client,org.tikv.common.meta,TiIndexColumn,66,0,2,0,13,0,9,0,8,0
TiKV Java Client,org.tikv.common.meta,TiColumnInfo,482,0,40,0,113,0,48,0,28,0
TiKV Java Client,org.tikv.common.meta,TiDAGRequest.Builder,211,0,8,0,53,0,16,0,12,0
TiKV Java Client,org.tikv.common.meta,TiPartitionInfo,80,0,12,0,25,0,16,0,8,0
TiKV Java Client,org.tikv.common.meta,TiTimestamp,57,23,6,0,9,7,8,4,5,4
TiKV Java Client,org.tikv.common.meta,TiDAGRequest.IndexScanType,34,0,0,0,4,0,1,0,1,0
TiKV Java Client,org.tikv.common.meta,TiColumnInfo.InternalTypeHolder,73,0,0,0,30,0,15,0,15,0
TiKV Java Client,org.tikv.common.region,RegionStoreClient.RequestTypes,70,0,0,0,10,0,3,0,3,0
TiKV Java Client,org.tikv.common.region,TiStore,87,53,16,0,23,16,12,9,4,9
TiKV Java Client,org.tikv.common.region,TiStoreType,29,47,4,0,2,10,3,4,1,4
TiKV Java Client,org.tikv.common.region,RegionStoreClient.new Iterator() {...},21,0,0,0,3,0,3,0,3,0
TiKV Java Client,org.tikv.common.region,AbstractRegionStoreClient.SwitchLeaderTask,9,0,0,0,4,0,1,0,1,0
TiKV Java Client,org.tikv.common.region,StoreHealthyChecker,76,203,12,24,21,59,9,16,0,7
TiKV Java Client,org.tikv.common.region,TiRegion,189,310,30,16,32,66,34,19,12,18
TiKV Java Client,org.tikv.common.region,RegionStoreClient.RegionStoreClientBuilder,49,161,5,3,9,34,4,11,0,11
TiKV Java Client,org.tikv.common.region,RegionStoreClient,1286,1163,126,74,282,296,130,73,39,64
TiKV Java Client,org.tikv.common.region,AbstractRegionStoreClient,682,85,48,2,160,24,33,7,8,7
TiKV Java Client,org.tikv.common.region,AbstractRegionStoreClient.ForwardCheckTask,9,0,0,0,4,0,1,0,1,0
TiKV Java Client,org.tikv.common.region,RegionCache,249,165,28,14,45,42,22,12,3,10
TiKV Java Client,org.tikv.common.region,RegionManager,196,343,23,17,42,84,24,24,9,19
TiKV Java Client,org.tikv.common.region,TiRegion.RegionVerID,81,0,10,0,18,0,11,0,6,0
TiKV Java Client,org.tikv.common.row,ObjectRowImpl,274,0,10,0,60,0,36,0,31,0
TiKV Java Client,org.tikv.common.row,RowReaderFactory,8,0,0,0,2,0,2,0,2,0
TiKV Java Client,org.tikv.common.row,DefaultRowReader,51,0,4,0,13,0,5,0,3,0
TiKV Java Client,org.tikv.common.util,MemoryUtil.Deallocator,37,0,8,0,10,0,7,0,3,0
TiKV Java Client,org.tikv.common.util,JsonUtils.KeyEntry,9,0,0,0,4,0,1,0,1,0
TiKV Java Client,org.tikv.common.util,DeleteRange,7,28,0,0,1,10,1,5,1,5
TiKV Java Client,org.tikv.common.util,ConcreteBackOffer,56,394,10,26,14,84,12,30,2,18
TiKV Java Client,org.tikv.common.util,KeyRangeUtils,241,7,34,0,47,1,24,1,7,1
TiKV Java Client,org.tikv.common.util,Pair,15,15,0,0,1,5,1,2,1,2
TiKV Java Client,org.tikv.common.util,BackOffer.BackOffStrategy,0,44,0,0,0,5,0,1,0,1
TiKV Java Client,org.tikv.common.util,FastByteComparisons,5,20,0,0,2,2,2,2,2,2
TiKV Java Client,org.tikv.common.util,FastByteComparisons.LexicographicalComparerHolder,3,24,0,0,2,6,0,2,0,2
TiKV Java Client,org.tikv.common.util,ClientUtils,104,281,13,31,28,60,14,20,2,10
TiKV Java Client,org.tikv.common.util,JsonUtils,585,0,30,0,108,0,40,0,21,0
TiKV Java Client,org.tikv.common.util,FutureObserver,32,0,0,0,11,0,6,0,6,0
TiKV Java Client,org.tikv.common.util,BackOffFunction,30,83,6,3,4,19,5,5,0,4
TiKV Java Client,org.tikv.common.util,Batch,9,90,3,5,1,24,4,9,1,8
TiKV Java Client,org.tikv.common.util,MemoryUtil,1455,0,98,0,297,0,103,0,54,0
TiKV Java Client,org.tikv.common.util,BackOffFunction.BackOffFuncType,0,94,0,0,0,10,0,1,0,1
TiKV Java Client,org.tikv.common.util,ScanOption.ScanOptionBuilder,5,43,0,0,2,13,1,5,1,5
TiKV Java Client,org.tikv.common.util,FastByteComparisons.LexicographicalComparerHolder.UnsafeComparer,24,170,8,20,3,37,7,10,1,2
TiKV Java Client,org.tikv.common.util,FastByteComparisons.LexicographicalComparerHolder.PureJavaComparer,69,0,12,0,12,0,8,0,2,0
TiKV Java Client,org.tikv.common.util,TsoUtils,20,0,2,0,3,0,4,0,3,0
TiKV Java Client,org.tikv.common.util,ScanOption,0,32,0,0,0,11,0,6,0,6
TiKV Java Client,org.tikv.common.util,RangeSplitter.RegionTask,98,0,2,0,24,0,8,0,7,0
TiKV Java Client,org.tikv.common.util,CHTypeMapping,208,0,28,0,45,0,23,0,2,0
TiKV Java Client,org.tikv.common.util,ChannelFactory,28,68,0,2,4,20,0,5,0,4
TiKV Java Client,org.tikv.common.util,FastByteComparisons.LexicographicalComparerHolder.UnsafeComparer.new PrivilegedAction() {...},10,14,0,0,4,4,0,2,0,2
TiKV Java Client,org.tikv.common.util,RangeSplitter,426,0,30,0,93,0,28,0,13,0
TiKV Java Client,org.tikv.common.util,Timer,17,0,0,0,6,0,3,0,3,0
TiKV Java Client,configpb,Configpb.Header,354,0,35,0,103,0,52,0,34,0
TiKV Java Client,configpb,Configpb.Global.Builder,246,0,20,0,81,0,37,0,27,0
TiKV Java Client,configpb,Configpb.CreateResponse.new AbstractParser() {...},10,0,0,0,2,0,2,0,2,0
TiKV Java Client,configpb,Configpb.DeleteRequest.Builder,739,0,106,0,206,0,102,0,49,0
TiKV Java Client,configpb,Configpb.LocalConfig.new AbstractParser() {...},10,0,0,0,2,0,2,0,2,0
TiKV Java Client,configpb,ConfigGrpc.ConfigStub,61,0,0,0,18,0,7,0,7,0
TiKV Java Client,configpb,Configpb.StatusCode,162,0,13,0,34,0,19,0,10,0
TiKV Java Client,configpb,ConfigGrpc.new AbstractStub.StubFactory() {...},10,0,0,0,2,0,2,0,2,0
TiKV Java Client,configpb,ConfigGrpc.new AbstractStub.StubFactory() {...},10,0,0,0,2,0,2,0,2,0
TiKV Java Client,configpb,ConfigGrpc.new AbstractStub.StubFactory() {...},10,0,0,0,2,0,2,0,2,0
TiKV Java Client,configpb,Configpb.DeleteRequest.new AbstractParser() {...},10,0,0,0,2,0,2,0,2,0
TiKV Java Client,configpb,Configpb.GetRequest.Builder,738,0,94,0,221,0,97,0,50,0
TiKV Java Client,configpb,Configpb.UpdateRequest.Builder,1220,0,164,0,331,0,151,0,69,0
TiKV Java Client,configpb,Configpb.GetResponse.Builder,837,0,116,0,240,0,112,0,54,0
TiKV Java Client,configpb,Configpb.GetAllRequest.Builder,345,0,42,0,100,0,52,0,31,0
TiKV Java Client,configpb,Configpb.GetAllRequest.new AbstractParser() {...},10,0,0,0,2,0,2,0,2,0
TiKV Java Client,configpb,Configpb.ConfigKind.new AbstractParser() {...},10,0,0,0,2,0,2,0,2,0
TiKV Java Client,configpb,Configpb.Local.new AbstractParser() {...},10,0,0,0,2,0,2,0,2,0
TiKV Java Client,configpb,Configpb.ConfigKind.KindCase,61,0,4,0,14,0,8,0,5,0
TiKV Java Client,configpb,Configpb.GetAllRequest,403,0,51,0,112,0,62,0,36,0
TiKV Java Client,configpb,Configpb.CreateResponse,711,0,114,0,182,0,103,0,44,0
TiKV Java Client,configpb,Configpb.CreateRequest,792,0,115,0,212,0,105,0,45,0
TiKV Java Client,configpb,Configpb.UpdateResponse.Builder,837,0,116,0,240,0,112,0,54,0
TiKV Java Client,configpb,Configpb.Header.Builder,183,0,12,0,58,0,31,0,25,0
TiKV Java Client,configpb,Configpb.GetAllResponse,632,0,91,0,157,0,91,0,44,0
TiKV Java Client,configpb,Configpb.UpdateResponse,711,0,114,0,182,0,103,0,44,0
TiKV Java Client,configpb,Configpb.DeleteResponse.new AbstractParser() {...},10,0,0,0,2,0,2,0,2,0
TiKV Java Client,configpb,Configpb.Status.new AbstractParser() {...},10,0,0,0,2,0,2,0,2,0
TiKV Java Client,configpb,Configpb.GetResponse.new AbstractParser() {...},10,0,0,0,2,0,2,0,2,0
TiKV Java Client,configpb,Configpb.Version.new AbstractParser() {...},10,0,0,0,2,0,2,0,2,0
TiKV Java Client,configpb,Configpb.GetAllResponse.new AbstractParser() {...},10,0,0,0,2,0,2,0,2,0
TiKV Java Client,configpb,Configpb.ConfigEntry,484,0,52,0,142,0,64,0,37,0
TiKV Java Client,configpb,Configpb.Global,390,0,39,0,116,0,55,0,35,0
TiKV Java Client,configpb,Configpb.GetAllResponse.Builder,1023,0,132,0,278,0,126,0,60,0
TiKV Java Client,configpb,Configpb.LocalConfig.Builder,639,0,72,0,202,0,82,0,46,0
TiKV Java Client,configpb,Configpb.CreateResponse.Builder,837,0,116,0,240,0,112,0,54,0
TiKV Java Client,configpb,Configpb.GetRequest,698,0,102,0,186,0,96,0,43,0
TiKV Java Client,configpb,Configpb,499,0,0,0,59,0,4,0,4,0
TiKV Java Client,configpb,Configpb.GetRequest.new AbstractParser() {...},10,0,0,0,2,0,2,0,2,0
TiKV Java Client,configpb,ConfigGrpc.ConfigFutureStub,56,0,0,0,13,0,7,0,7,0
TiKV Java Client,configpb,Configpb.ConfigEntry.new AbstractParser() {...},10,0,0,0,2,0,2,0,2,0
TiKV Java Client,configpb,Configpb.Version.Builder,218,0,14,0,69,0,35,0,28,0
TiKV Java Client,configpb,Configpb.UpdateResponse.new AbstractParser() {...},10,0,0,0,2,0,2,0,2,0
TiKV Java Client,configpb,ConfigGrpc.MethodHandlers,59,0,6,0,19,0,8,0,3,0
TiKV Java Client,configpb,Configpb.CreateRequest.new AbstractParser() {...},10,0,0,0,2,0,2,0,2,0
TiKV Java Client,configpb,Configpb.StatusCode.new Internal.EnumLiteMap() {...},6,0,0,0,2,0,2,0,2,0
TiKV Java Client,configpb,ConfigGrpc.ConfigFileDescriptorSupplier,3,0,0,0,1,0,1,0,1,0
TiKV Java Client,configpb,Configpb.UpdateRequest.new AbstractParser() {...},10,0,0,0,2,0,2,0,2,0
TiKV Java Client,configpb,Configpb.DeleteResponse,617,0,101,0,156,0,94,0,42,0
TiKV Java Client,configpb,ConfigGrpc.ConfigBaseDescriptorSupplier,10,0,0,0,3,0,3,0,3,0
TiKV Java Client,configpb,Configpb.ConfigKind,550,0,76,0,153,0,80,0,40,0
TiKV Java Client,configpb,Configpb.ConfigEntry.Builder,344,0,30,0,115,0,47,0,32,0
TiKV Java Client,configpb,Configpb.GetResponse,711,0,114,0,182,0,103,0,44,0
TiKV Java Client,configpb,Configpb.Local.Builder,246,0,20,0,81,0,37,0,27,0
TiKV Java Client,configpb,ConfigGrpc.ConfigMethodDescriptorSupplier,12,0,0,0,4,0,2,0,2,0
TiKV Java Client,configpb,Configpb.Global.new AbstractParser() {...},10,0,0,0,2,0,2,0,2,0
TiKV Java Client,configpb,Configpb.Status,459,0,50,0,131,0,63,0,37,0
TiKV Java Client,configpb,Configpb.DeleteRequest,617,0,101,0,156,0,94,0,42,0
TiKV Java Client,configpb,Configpb.UpdateRequest,739,0,116,0,179,0,107,0,47,0
TiKV Java Client,configpb,ConfigGrpc.ConfigBlockingStub,56,0,0,0,13,0,7,0,7,0
TiKV Java Client,configpb,Configpb.LocalConfig,685,0,90,0,190,0,89,0,42,0
TiKV Java Client,configpb,Configpb.Version,413,0,44,0,117,0,58,0,35,0
TiKV Java Client,configpb,ConfigGrpc.ConfigImplBase,67,0,0,0,28,0,7,0,7,0
TiKV Java Client,configpb,Configpb.Local,390,0,39,0,116,0,55,0,35,0
TiKV Java Client,configpb,ConfigGrpc,269,0,24,0,96,0,21,0,9,0
TiKV Java Client,configpb,Configpb.CreateRequest.Builder,836,0,104,0,255,0,107,0,55,0
TiKV Java Client,configpb,Configpb.Header.new AbstractParser() {...},10,0,0,0,2,0,2,0,2,0
TiKV Java Client,configpb,Configpb.Status.Builder,309,0,26,0,100,0,45,0,32,0
TiKV Java Client,configpb,Configpb.DeleteResponse.Builder,739,0,106,0,206,0,102,0,49,0
TiKV Java Client,configpb,Configpb.new Descriptors.FileDescriptor.InternalDescriptorAssigner() {...},8,0,0,0,3,0,2,0,2,0
TiKV Java Client,configpb,Configpb.ConfigKind.Builder,667,0,97,0,189,0,91,0,42,0
TiKV Java Client,org.tikv.common.codec,CodecDataInput.UnSyncByteArrayInputStream,26,116,8,12,9,24,12,7,4,5
TiKV Java Client,org.tikv.common.codec,RowDecoderV2,291,0,41,0,59,0,41,0,12,0
TiKV Java Client,org.tikv.common.codec,Codec.EnumCodec,78,0,14,0,19,0,11,0,4,0
TiKV Java Client,org.tikv.common.codec,CodecDataOutput,158,60,0,0,46,23,11,9,11,9
TiKV Java Client,org.tikv.common.codec,Codec.BytesCodec,77,134,9,13,22,35,13,9,6,5
TiKV Java Client,org.tikv.common.codec,RowV2,459,0,38,0,110,0,35,0,16,0
TiKV Java Client,org.tikv.common.codec,Codec.DateTimeCodec,313,0,26,0,66,0,22,0,9,0
TiKV Java Client,org.tikv.common.codec,Codec,9,0,2,0,2,0,3,0,2,0
TiKV Java Client,org.tikv.common.codec,Codec.IntegerCodec,10,163,2,18,4,47,4,19,2,11
TiKV Java Client,org.tikv.common.codec,KeyUtils,117,11,16,2,21,4,15,2,6,2
TiKV Java Client,org.tikv.common.codec,MetaCodec,243,0,8,0,53,0,17,0,13,0
TiKV Java Client,org.tikv.common.codec,CodecDataInput,197,64,0,2,55,18,18,9,18,8
TiKV Java Client,org.tikv.common.codec,TableCodecV1,162,0,22,0,32,0,14,0,3,0
TiKV Java Client,org.tikv.common.codec,TableCodecV2,169,0,28,0,34,0,18,0,4,0
TiKV Java Client,org.tikv.common.codec,TableCodec,71,0,8,0,14,0,8,0,4,0
TiKV Java Client,org.tikv.common.codec,CodecDataInput.new CodecDataInput.UnSyncByteArrayInputStream() {...},4,7,0,0,2,1,1,1,1,1
TiKV Java Client,org.tikv.common.codec,Codec.SetCodec,108,0,10,0,21,0,10,0,5,0
TiKV Java Client,org.tikv.common.codec,Codec.DateCodec,184,0,16,0,41,0,18,0,10,0
TiKV Java Client,org.tikv.common.codec,MyDecimal,376,1911,78,135,94,346,61,70,4,17
TiKV Java Client,org.tikv.common.codec,CodecDataOutputLittleEndian,92,0,0,0,27,0,8,0,8,0
TiKV Java Client,org.tikv.common.codec,CodecDataInputLittleEndian,191,0,0,0,35,0,19,0,19,0
TiKV Java Client,org.tikv.common.codec,RowEncoderV2,1050,0,105,0,214,0,78,0,20,0
TiKV Java Client,org.tikv.common.codec,Codec.DecimalCodec,157,0,10,0,34,0,10,0,5,0
TiKV Java Client,org.tikv.common.codec,RowV2.ColIDSearchResult,12,0,0,0,5,0,1,0,1,0
TiKV Java Client,org.tikv.common.codec,Codec.RealCodec,52,0,4,0,18,0,7,0,5,0
TiKV Java Client,rustproto,Rustproto.new Descriptors.FileDescriptor.InternalDescriptorAssigner() {...},0,8,0,0,0,3,0,2,0,2
TiKV Java Client,rustproto,Rustproto,49,190,0,0,18,53,2,2,2,2
TiKV Java Client,org.tikv.common,TiDBJDBCClient,232,0,14,0,52,0,19,0,12,0
TiKV Java Client,org.tikv.common,TiDBJDBCClient.new TypeReference() {...},6,0,0,0,1,0,1,0,1,0
TiKV Java Client,org.tikv.common,TiConfiguration.ReplicaRead,0,34,0,0,0,4,0,1,0,1
TiKV Java Client,org.tikv.common,ExtendedDateTime,68,0,0,0,15,0,7,0,7,0
TiKV Java Client,org.tikv.common,DefaultHostMapping,97,24,5,1,22,8,5,2,2,2
TiKV Java Client,org.tikv.common,Snapshot,176,29,6,0,42,6,16,2,13,2
TiKV Java Client,org.tikv.common,PDClient,399,984,56,60,94,229,56,51,11,38
TiKV Java Client,org.tikv.common,TiBatchWriteUtils,107,0,4,0,30,0,9,0,7,0
TiKV Java Client,org.tikv.common,BytePairWrapper,15,0,0,0,6,0,3,0,3,0
TiKV Java Client,org.tikv.common,TiSession,460,671,49,61,118,206,44,49,11,27
TiKV Java Client,org.tikv.common,Utils,66,87,4,4,11,23,7,5,3,5
TiKV Java Client,org.tikv.common,Main,4,0,0,0,2,0,2,0,2,0
TiKV Java Client,org.tikv.common,StoreVersion,26,166,11,15,5,37,10,10,0,7
TiKV Java Client,org.tikv.common,KVClient,217,36,6,0,44,11,13,4,10,4
TiKV Java Client,org.tikv.common,Version,3,0,0,0,1,0,1,0,1,0
TiKV Java Client,org.tikv.common,PDClient.PDClientWrapper,28,53,1,1,7,13,2,6,1,6
TiKV Java Client,org.tikv.common,TiConfiguration.KVMode,0,24,0,0,0,3,0,1,0,1
TiKV Java Client,org.tikv.common,MetricsServer,9,125,2,10,3,32,2,8,0,4
TiKV Java Client,org.tikv.common,AbstractGRPCClient,199,122,3,3,39,38,9,8,6,8
TiKV Java Client,org.tikv.common,ConfigUtils,10,0,0,0,5,0,2,0,2,0
TiKV Java Client,org.tikv.common,TiConfiguration,343,858,22,25,115,252,67,84,47,79
TiKV Java Client,org.tikv.common,ByteWrapper,36,0,6,0,11,0,7,0,4,0
TiKV Java Client,binlog,CisternGrpc.CisternBlockingStub,37,0,0,0,9,0,5,0,5,0
TiKV Java Client,binlog,PumpGrpc.PumpBaseDescriptorSupplier,10,0,0,0,3,0,3,0,3,0
TiKV Java Client,binlog,BinlogOuterClass.Binlog.Builder,776,0,68,0,199,0,88,0,54,0
TiKV Java Client,binlog,CisternOuterClass.NotifyReq.new AbstractParser() {...},10,0,0,0,2,0,2,0,2,0
TiKV Java Client,binlog,CisternOuterClass.DumpBinlogReq.new AbstractParser() {...},10,0,0,0,2,0,2,0,2,0
TiKV Java Client,binlog,PumpOuterClass.Entity.Builder,636,0,82,0,181,0,87,0,46,0
TiKV Java Client,binlog,BinlogOuterClass.new Descriptors.FileDescriptor.InternalDescriptorAssigner() {...},8,0,0,0,3,0,2,0,2,0
TiKV Java Client,binlog,BinlogOuterClass.BinlogType,124,0,8,0,27,0,16,0,10,0
TiKV Java Client,binlog,PumpOuterClass.WriteBinlogReq,411,0,44,0,116,0,58,0,35,0
TiKV Java Client,binlog,CisternGrpc.CisternMethodDescriptorSupplier,12,0,0,0,4,0,2,0,2,0
TiKV Java Client,binlog,BinlogOuterClass.TableMutation,1258,0,151,0,280,0,133,0,53,0
TiKV Java Client,binlog,CisternOuterClass.NotifyResp.Builder,148,0,10,0,47,0,27,0,22,0
TiKV Java Client,binlog,BinlogOuterClass.PrewriteValue,512,0,60,0,132,0,71,0,40,0
TiKV Java Client,binlog,CisternOuterClass.DumpDDLJobsResp.Builder,309,0,22,0,89,0,41,0,30,0
TiKV Java Client,binlog,PumpGrpc.PumpFileDescriptorSupplier,3,0,0,0,1,0,1,0,1,0
TiKV Java Client,binlog,PumpOuterClass,193,0,0,0,32,0,4,0,4,0
TiKV Java Client,binlog,PumpGrpc.PumpFutureStub,20,0,0,0,5,0,3,0,3,0
TiKV Java Client,binlog,BinlogOuterClass.MutationType.new Internal.EnumLiteMap() {...},6,0,0,0,2,0,2,0,2,0
TiKV Java Client,binlog,BinlogOuterClass.TableMutation.Builder,1189,0,86,0,313,0,117,0,74,0
TiKV Java Client,binlog,CisternGrpc.MethodHandlers,45,0,4,0,15,0,6,0,3,0
TiKV Java Client,binlog,PumpGrpc.new AbstractStub.StubFactory() {...},10,0,0,0,2,0,2,0,2,0
TiKV Java Client,binlog,PumpGrpc.new AbstractStub.StubFactory() {...},10,0,0,0,2,0,2,0,2,0
TiKV Java Client,binlog,PumpGrpc.new AbstractStub.StubFactory() {...},10,0,0,0,2,0,2,0,2,0
TiKV Java Client,binlog,PumpOuterClass.Pos,413,0,44,0,117,0,58,0,35,0
TiKV Java Client,binlog,CisternOuterClass.DumpBinlogResp.Builder,277,0,20,0,86,0,41,0,31,0
TiKV Java Client,binlog,BinlogOuterClass.PrewriteValue.new AbstractParser() {...},10,0,0,0,2,0,2,0,2,0
TiKV Java Client,binlog,CisternGrpc.new AbstractStub.StubFactory() {...},10,0,0,0,2,0,2,0,2,0
TiKV Java Client,binlog,CisternGrpc.new AbstractStub.StubFactory() {...},10,0,0,0,2,0,2,0,2,0
TiKV Java Client,binlog,CisternGrpc.new AbstractStub.StubFactory() {...},10,0,0,0,2,0,2,0,2,0
TiKV Java Client,binlog,PumpOuterClass.new Descriptors.FileDescriptor.InternalDescriptorAssigner() {...},8,0,0,0,3,0,2,0,2,0
TiKV Java Client,binlog,BinlogOuterClass.BinlogType.new Internal.EnumLiteMap() {...},6,0,0,0,2,0,2,0,2,0
TiKV Java Client,binlog,PumpGrpc.PumpBlockingStub,28,0,0,0,7,0,4,0,4,0
TiKV Java Client,binlog,CisternOuterClass.DumpDDLJobsReq,354,0,35,0,103,0,52,0,34,0
TiKV Java Client,binlog,CisternOuterClass.NotifyResp.new AbstractParser() {...},10,0,0,0,2,0,2,0,2,0
TiKV Java Client,binlog,BinlogOuterClass,153,0,0,0,24,0,4,0,4,0
TiKV Java Client,binlog,CisternOuterClass.DumpBinlogResp.new AbstractParser() {...},10,0,0,0,2,0,2,0,2,0
TiKV Java Client,binlog,CisternOuterClass.DumpDDLJobsReq.Builder,183,0,12,0,58,0,31,0,25,0
TiKV Java Client,binlog,PumpOuterClass.PullBinlogResp.Builder,345,0,42,0,100,0,52,0,31,0
TiKV Java Client,binlog,CisternGrpc,183,0,16,0,64,0,15,0,7,0
TiKV Java Client,binlog,PumpOuterClass.Entity,624,0,94,0,160,0,90,0,41,0
TiKV Java Client,binlog,CisternGrpc.CisternImplBase,43,0,0,0,18,0,5,0,5,0
TiKV Java Client,binlog,BinlogOuterClass.MutationType,124,0,8,0,27,0,16,0,10,0
TiKV Java Client,binlog,PumpOuterClass.WriteBinlogResp.new AbstractParser() {...},10,0,0,0,2,0,2,0,2,0
TiKV Java Client,binlog,PumpOuterClass.Meta,413,0,44,0,117,0,58,0,35,0
TiKV Java Client,binlog,CisternGrpc.CisternBaseDescriptorSupplier,10,0,0,0,3,0,3,0,3,0
TiKV Java Client,binlog,BinlogOuterClass.PrewriteValue.Builder,699,0,74,0,189,0,83,0,46,0
TiKV Java Client,binlog,PumpGrpc.PumpMethodDescriptorSupplier,12,0,0,0,4,0,2,0,2,0
TiKV Java Client,binlog,CisternOuterClass.NotifyReq,293,0,26,0,89,0,46,0,33,0
TiKV Java Client,binlog,CisternGrpc.CisternFileDescriptorSupplier,3,0,0,0,1,0,1,0,1,0
TiKV Java Client,binlog,PumpOuterClass.PullBinlogReq,462,0,60,0,126,0,68,0,37,0
TiKV Java Client,binlog,CisternOuterClass.DumpBinlogResp,468,0,53,0,129,0,64,0,36,0
TiKV Java Client,binlog,CisternOuterClass.NotifyResp,293,0,26,0,89,0,46,0,33,0
TiKV Java Client,binlog,PumpGrpc,140,0,12,0,48,0,12,0,6,0
TiKV Java Client,binlog,BinlogOuterClass.Binlog.new AbstractParser() {...},10,0,0,0,2,0,2,0,2,0
TiKV Java Client,binlog,CisternGrpc.CisternFutureStub,29,0,0,0,7,0,4,0,4,0
TiKV Java Client,binlog,PumpGrpc.PumpStub,31,0,0,0,9,0,4,0,4,0
TiKV Java Client,binlog,PumpOuterClass.WriteBinlogResp.Builder,246,0,20,0,81,0,37,0,27,0
TiKV Java Client,binlog,CisternOuterClass,145,0,0,0,29,0,4,0,4,0
TiKV Java Client,binlog,PumpGrpc.PumpImplBase,31,0,0,0,13,0,4,0,4,0
TiKV Java Client,binlog,CisternGrpc.CisternStub,41,0,0,0,12,0,5,0,5,0
TiKV Java Client,binlog,CisternOuterClass.NotifyReq.Builder,148,0,10,0,47,0,27,0,22,0
TiKV Java Client,binlog,PumpOuterClass.Pos.Builder,218,0,14,0,69,0,35,0,28,0
TiKV Java Client,binlog,CisternOuterClass.DumpDDLJobsReq.new AbstractParser() {...},10,0,0,0,2,0,2,0,2,0
TiKV Java Client,binlog,PumpOuterClass.PullBinlogReq.new AbstractParser() {...},10,0,0,0,2,0,2,0,2,0
TiKV Java Client,binlog,PumpGrpc.MethodHandlers,38,0,3,0,13,0,5,0,3,0
TiKV Java Client,binlog,PumpOuterClass.Entity.new AbstractParser() {...},10,0,0,0,2,0,2,0,2,0
TiKV Java Client,binlog,PumpOuterClass.WriteBinlogReq.Builder,230,0,16,0,72,0,36,0,28,0
TiKV Java Client,binlog,CisternOuterClass.new Descriptors.FileDescriptor.InternalDescriptorAssigner() {...},8,0,0,0,3,0,2,0,2,0
TiKV Java Client,binlog,PumpOuterClass.WriteBinlogResp,390,0,39,0,116,0,55,0,35,0
TiKV Java Client,binlog,CisternOuterClass.DumpBinlogReq,354,0,35,0,103,0,52,0,34,0
TiKV Java Client,binlog,BinlogOuterClass.Binlog,1063,0,182,0,240,0,144,0,49,0
TiKV Java Client,binlog,PumpOuterClass.Meta.new AbstractParser() {...},10,0,0,0,2,0,2,0,2,0
TiKV Java Client,binlog,PumpOuterClass.PullBinlogResp.new AbstractParser() {...},10,0,0,0,2,0,2,0,2,0
TiKV Java Client,binlog,PumpOuterClass.Meta.Builder,218,0,14,0,69,0,35,0,28,0
TiKV Java Client,binlog,PumpOuterClass.Pos.new AbstractParser() {...},10,0,0,0,2,0,2,0,2,0
TiKV Java Client,binlog,CisternOuterClass.DumpDDLJobsResp.new AbstractParser() {...},10,0,0,0,2,0,2,0,2,0
TiKV Java Client,binlog,PumpOuterClass.PullBinlogReq.Builder,380,0,44,0,111,0,56,0,34,0
TiKV Java Client,binlog,PumpOuterClass.WriteBinlogReq.new AbstractParser() {...},10,0,0,0,2,0,2,0,2,0
TiKV Java Client,binlog,CisternOuterClass.DumpDDLJobsResp,420,0,41,0,113,0,57,0,36,0
TiKV Java Client,binlog,CisternOuterClass.DumpBinlogReq.Builder,183,0,12,0,58,0,31,0,25,0
TiKV Java Client,binlog,BinlogOuterClass.TableMutation.new AbstractParser() {...},10,0,0,0,2,0,2,0,2,0
TiKV Java Client,binlog,BinlogOuterClass.TableMutation.new Internal.ListAdapter.Converter() {...},13,0,2,0,3,0,3,0,2,0
TiKV Java Client,binlog,PumpOuterClass.PullBinlogResp,403,0,51,0,112,0,62,0,36,0
TiKV Java Client,org.tikv.txn.type,GroupKeyResult,15,0,0,0,6,0,3,0,3,0
TiKV Java Client,org.tikv.txn.type,BatchKeys,44,0,0,0,14,0,7,0,7,0
TiKV Java Client,org.tikv.txn.type,ClientRPCResult,33,0,0,0,14,0,7,0,7,0
TiKV Java Client,org.tikv.common.statistics,IndexStatistics,85,0,6,0,25,0,11,0,8,0
TiKV Java Client,org.tikv.common.statistics,Histogram,467,0,40,0,87,0,39,0,19,0
TiKV Java Client,org.tikv.common.statistics,Histogram.Builder,51,0,0,0,13,0,7,0,7,0
TiKV Java Client,org.tikv.common.statistics,CMSketch,180,0,8,0,35,0,14,0,10,0
TiKV Java Client,org.tikv.common.statistics,ColumnStatistics,43,0,0,0,18,0,9,0,9,0
TiKV Java Client,org.tikv.common.statistics,TableStatistics,46,0,0,0,17,0,10,0,10,0
TiKV Java Client,org.tikv.common.statistics,Bucket,106,0,10,0,26,0,18,0,13,0
TiKV Java Client,org.tikv.kvproto,Kvrpcpb.PhysicalScanLockRequest.new AbstractParser() {...},7,3,0,0,1,1,1,1,1,1
TiKV Java Client,org.tikv.kvproto,Pdpb.RegionHeartbeatResponse.new AbstractParser() {...},7,3,0,0,1,1,1,1,1,1
TiKV Java Client,org.tikv.kvproto,RaftServerpb.RaftSnapshotData,751,0,109,0,186,0,103,0,46,0
TiKV Java Client,org.tikv.kvproto,Cdcpb,488,0,0,0,66,0,4,0,4,0
TiKV Java Client,org.tikv.kvproto,Cdcpb.ResolvedTs.Builder,341,0,20,0,98,0,43,0,33,0
TiKV Java Client,org.tikv.kvproto,ImportSstpb.UploadRequest,506,0,68,0,141,0,74,0,38,0
TiKV Java Client,org.tikv.kvproto,Kvrpcpb.CommitTsTooLarge.new AbstractParser() {...},10,0,0,0,0,0,2,0,2,0
TiKV Java Client,org.tikv.kvproto,Kvrpcpb.TxnInfo.Builder,218,0,14,0,0,0,35,0,28,0
TiKV Java Client,org.tikv.kvproto,Diagnosticspb.LogMessage.new AbstractParser() {...},10,0,0,0,2,0,2,0,2,0
TiKV Java Client,org.tikv.kvproto,Pdpb.GetStoreResponse.Builder,651,88,97,9,176,30,96,6,43,6
TiKV Java Client,org.tikv.kvproto,Pdpb.SplitRegionsRequest.new AbstractParser() {...},7,3,0,0,1,1,1,1,1,1
TiKV Java Client,org.tikv.kvproto,RaftCmdpb.Response,1221,0,237,0,281,0,182,0,59,0
TiKV Java Client,org.tikv.kvproto,Cdcpb.ResolvedTs,546,0,61,0,145,0,69,0,37,0
TiKV Java Client,org.tikv.kvproto,RaftCmdpb.GetResponse,352,0,35,0,102,0,52,0,34,0
TiKV Java Client,org.tikv.kvproto,Kvrpcpb.RawGetRequest.Builder,414,76,50,6,121,27,61,6,33,6
TiKV Java Client,org.tikv.kvproto,RaftServerpb.KeyValue.new AbstractParser() {...},10,0,0,0,2,0,2,0,2,0
TiKV Java Client,org.tikv.kvproto,Kvrpcpb.RawCASResponse,562,99,81,10,0,0,77,12,32,9
TiKV Java Client,org.tikv.kvproto,Pdpb.IsBootstrappedResponse.new AbstractParser() {...},7,3,0,0,1,1,1,1,1,1
TiKV Java Client,org.tikv.kvproto,RaftCmdpb.RaftCmdRequest.Builder,1220,0,164,0,331,0,151,0,69,0
TiKV Java Client,org.tikv.kvproto,ImportSstpb.IngestRequest,510,0,76,0,134,0,78,0,39,0
TiKV Java Client,org.tikv.kvproto,Pdpb.RegionHeartbeatResponse,1189,22,235,0,272,8,176,4,54,4
TiKV Java Client,org.tikv.kvproto,Encryptionpb.MasterKeyPlaintext,293,0,26,0,89,0,46,0,33,0
TiKV Java Client,org.tikv.kvproto,Kvrpcpb.LeaderInfo.new AbstractParser() {...},10,0,0,0,0,0,2,0,2,0
TiKV Java Client,org.tikv.kvproto,Diagnosticspb.SearchLogResponse.new AbstractParser() {...},10,0,0,0,2,0,2,0,2,0
TiKV Java Client,org.tikv.kvproto,RaftCmdpb.SplitResponse,510,0,76,0,134,0,78,0,39,0
TiKV Java Client,org.tikv.kvproto,Pdpb.AskSplitResponse,626,28,86,0,158,10,81,4,36,4
TiKV Java Client,org.tikv.kvproto,BackupOuterClass.GCS,860,0,104,0,246,0,100,0,45,0
TiKV Java Client,org.tikv.kvproto,ImportKvpb.OpenEngineResponse.new AbstractParser() {...},10,0,0,0,2,0,2,0,2,0
TiKV Java Client,org.tikv.kvproto,Pdpb.ResponseHeader.new AbstractParser() {...},0,10,0,0,0,2,0,2,0,2
TiKV Java Client,org.tikv.kvproto,Kvrpcpb.VerBatchGetResponse.Builder,826,0,100,0,0,0,101,0,51,0
TiKV Java Client,org.tikv.kvproto,ImportSstpb.CompactResponse,293,0,26,0,89,0,46,0,33,0
TiKV Java Client,org.tikv.kvproto,Pdpb.OperatorStatus,149,0,12,0,32,0,18,0,10,0
TiKV Java Client,org.tikv.kvproto,Kvrpcpb.VerBatchMutRequest,559,25,75,0,0,0,77,4,38,4
TiKV Java Client,org.tikv.kvproto,Cdcpb.Event.Row.Builder,485,0,38,0,149,0,66,0,47,0
TiKV Java Client,org.tikv.kvproto,RaftServerpb.MergeState.Builder,415,0,46,0,122,0,60,0,37,0
TiKV Java Client,org.tikv.kvproto,Encryptionpb.FileDictionary,487,0,51,0,135,0,67,0,41,0
TiKV Java Client,org.tikv.kvproto,Kvrpcpb.ScanResponse.new AbstractParser() {...},0,10,0,0,0,2,0,2,0,2
TiKV Java Client,org.tikv.kvproto,Debugpb.RaftLogRequest.Builder,218,0,14,0,69,0,35,0,28,0
TiKV Java Client,org.tikv.kvproto,Kvrpcpb.CommitTsTooLarge.Builder,183,0,12,0,0,0,31,0,25,0
TiKV Java Client,org.tikv.kvproto,Kvrpcpb.VerError.Builder,246,0,20,0,0,0,37,0,27,0
TiKV Java Client,org.tikv.kvproto,Tikvpb.BatchRaftMessage,396,22,41,0,105,8,55,4,34,4
TiKV Java Client,org.tikv.kvproto,Kvrpcpb.PessimisticLockRequest,990,49,147,0,243,17,125,4,46,4
TiKV Java Client,org.tikv.kvproto,Kvrpcpb.ReadIndexResponse.Builder,577,0,76,0,164,0,81,0,43,0
TiKV Java Client,org.tikv.kvproto,Kvrpcpb.RawBatchScanResponse,503,22,66,0,127,8,71,4,37,4
TiKV Java Client,org.tikv.kvproto,Coprocessor.RegionInfo.Builder,861,0,102,0,236,0,105,0,54,0
TiKV Java Client,org.tikv.kvproto,Diagnosticspb.SearchLogResponse.Builder,623,0,68,0,170,0,76,0,42,0
TiKV Java Client,org.tikv.kvproto,Errorpb.MaxTimestampNotSynced.Builder,148,0,10,0,47,0,27,0,22,0
TiKV Java Client,org.tikv.kvproto,Mpp.CancelTaskRequest.new AbstractParser() {...},7,3,0,0,1,1,1,1,1,1
TiKV Java Client,org.tikv.kvproto,ImportSstpb.UploadRequest.ChunkCase,61,0,4,0,14,0,8,0,5,0
TiKV Java Client,org.tikv.kvproto,Mpp.EstablishMPPConnectionRequest.Builder,542,0,74,0,153,0,77,0,40,0
TiKV Java Client,org.tikv.kvproto,Mpp.TaskMeta.Builder,351,0,26,0,114,0,49,0,36,0
TiKV Java Client,org.tikv.kvproto,Pdpb.ChangePeer,472,0,62,0,127,0,70,0,38,0
TiKV Java Client,org.tikv.kvproto,ImportSstpb.CompactRequest,455,0,60,0,124,0,68,0,37,0
TiKV Java Client,org.tikv.kvproto,Kvrpcpb.PessimisticRollbackResponse,503,22,66,0,127,8,71,4,37,4
TiKV Java Client,org.tikv.kvproto,Pdpb.ResponseHeader.Builder,330,50,41,3,93,18,51,5,29,5
TiKV Java Client,org.tikv.kvproto,Cdcpb.Event.Entries.new AbstractParser() {...},10,0,0,0,2,0,2,0,2,0
TiKV Java Client,org.tikv.kvproto,Errorpb.StaleCommand,293,0,26,0,89,0,46,0,33,0
TiKV Java Client,org.tikv.kvproto,Pdpb.ChangePeerV2.new AbstractParser() {...},10,0,0,0,2,0,2,0,2,0
TiKV Java Client,org.tikv.kvproto,Kvrpcpb.GetRequest.new AbstractParser() {...},0,10,0,0,0,2,0,2,0,2
TiKV Java Client,org.tikv.kvproto,Metapb.Store,722,560,95,71,166,174,94,51,34,22
TiKV Java Client,org.tikv.kvproto,Metapb.Region,354,452,72,46,79,119,72,37,25,22
TiKV Java Client,org.tikv.kvproto,Debugpb.BottommostLevelCompaction,123,0,10,0,28,0,16,0,10,0
TiKV Java Client,org.tikv.kvproto,Diagnosticspb.ServerInfoResponse,418,0,41,0,113,0,59,0,38,0
TiKV Java Client,org.tikv.kvproto,Mpp.Error,443,0,48,0,129,0,61,0,36,0
TiKV Java Client,org.tikv.kvproto,Kvrpcpb.VerMutRequest.Builder,577,0,76,0,0,0,81,0,43,0
TiKV Java Client,org.tikv.kvproto,DebugGrpc,699,0,64,0,256,0,51,0,19,0
TiKV Java Client,org.tikv.kvproto,BackupGrpc.BackupStub,21,0,0,0,6,0,3,0,3,0
TiKV Java Client,org.tikv.kvproto,ImportKvpb.WriteBatch.Builder,664,0,70,0,183,0,80,0,45,0
TiKV Java Client,org.tikv.kvproto,Debugpb.GetMetricsResponse,730,0,87,0,207,0,88,0,42,0
TiKV Java Client,org.tikv.kvproto,ImportKvpb.ImportEngineRequest.new AbstractParser() {...},10,0,0,0,2,0,2,0,2,0
TiKV Java Client,org.tikv.kvproto,Kvrpcpb.BatchGetResponse,503,237,85,31,112,68,83,24,33,14
TiKV Java Client,org.tikv.kvproto,Debugpb.RecoverFailPointResponse.Builder,148,0,10,0,47,0,27,0,22,0
TiKV Java Client,org.tikv.kvproto,Debugpb.RegionInfoRequest,354,0,35,0,103,0,52,0,34,0
TiKV Java Client,org.tikv.kvproto,Cdcpb.ChangeDataRequest.new AbstractParser() {...},10,0,0,0,2,0,2,0,2,0
TiKV Java Client,org.tikv.kvproto,Errorpb.MaxTimestampNotSynced.new AbstractParser() {...},10,0,0,0,2,0,2,0,2,0
TiKV Java Client,org.tikv.kvproto,RaftCmdpb.IngestSSTRequest,403,0,51,0,112,0,62,0,36,0
TiKV Java Client,org.tikv.kvproto,Kvrpcpb.RawGetKeyTTLRequest.new AbstractParser() {...},7,3,0,0,0,0,1,1,1,1
TiKV Java Client,org.tikv.kvproto,BackupOuterClass.Schema,696,0,89,0,183,0,88,0,40,0
TiKV Java Client,org.tikv.kvproto,ImportKvpb.Mutation.Builder,305,0,24,0,94,0,45,0,33,0
TiKV Java Client,org.tikv.kvproto,BackupGrpc.BackupMethodDescriptorSupplier,12,0,0,0,4,0,2,0,2,0
TiKV Java Client,org.tikv.kvproto,Kvrpcpb.VerGetResponse.Builder,772,0,108,0,0,0,106,0,52,0
TiKV Java Client,org.tikv.kvproto,Debugpb.GetResponse,352,0,35,0,102,0,52,0,34,0
TiKV Java Client,org.tikv.kvproto,Debugpb.MODULE,227,0,18,0,44,0,24,0,10,0
TiKV Java Client,org.tikv.kvproto,Kvrpcpb.VerMutation.Builder,305,0,24,0,94,0,45,0,33,0
TiKV Java Client,org.tikv.kvproto,ImportKvpb.SwitchModeRequest.Builder,443,0,52,0,134,0,62,0,36,0
TiKV Java Client,org.tikv.kvproto,Pdpb.UpdateGCSafePointRequest.Builder,380,0,44,0,111,0,56,0,34,0
TiKV Java Client,org.tikv.kvproto,RaftCmdpb.new Descriptors.FileDescriptor.InternalDescriptorAssigner() {...},8,0,0,0,3,0,2,0,2,0
TiKV Java Client,org.tikv.kvproto,Kvrpcpb.PessimisticLockRequest.new AbstractParser() {...},7,3,0,0,1,1,1,1,1,1
TiKV Java Client,org.tikv.kvproto,Debugpb.GetMetricsRequest.Builder,181,0,12,0,58,0,31,0,25,0
TiKV Java Client,org.tikv.kvproto,RaftCmdpb.StatusResponse.new AbstractParser() {...},10,0,0,0,2,0,2,0,2,0
TiKV Java Client,org.tikv.kvproto,Kvrpcpb.BatchRollbackRequest,561,25,75,0,140,9,75,4,36,4
TiKV Java Client,org.tikv.kvproto,Kvrpcpb.VerGetRequest,493,25,69,0,0,0,70,4,34,4
TiKV Java Client,org.tikv.kvproto,Metapb,4,240,0,0,3,31,2,2,2,2
TiKV Java Client,org.tikv.kvproto,Kvrpcpb.VerKvPair,567,0,85,0,0,0,84,0,40,0
TiKV Java Client,org.tikv.kvproto,Metapb.RegionEpoch.new AbstractParser() {...},0,10,0,0,0,2,0,2,0,2
TiKV Java Client,org.tikv.kvproto,Metapb.StoreState,46,77,7,3,12,16,10,6,5,5
TiKV Java Client,org.tikv.kvproto,RaftCmdpb.CmdType.new Internal.EnumLiteMap() {...},6,0,0,0,2,0,2,0,2,0
TiKV Java Client,org.tikv.kvproto,Kvrpcpb.ExecDetails,510,0,76,0,0,0,78,0,39,0
TiKV Java Client,org.tikv.kvproto,Cdcpb.ChangeDataRequest.NotifyTxnStatus.Builder,623,0,68,0,170,0,76,0,42,0
TiKV Java Client,org.tikv.kvproto,Kvrpcpb.MvccGetByKeyResponse.new AbstractParser() {...},7,3,0,0,0,0,1,1,1,1
TiKV Java Client,org.tikv.kvproto,Kvrpcpb.CheckLeaderResponse,518,28,61,0,0,0,65,4,33,4
TiKV Java Client,org.tikv.kvproto,Pdpb.GetMembersRequest.Builder,294,51,37,5,81,19,47,5,26,5
TiKV Java Client,org.tikv.kvproto,Kvrpcpb.RawBatchGetResponse,422,103,55,11,99,36,64,11,33,8
TiKV Java Client,org.tikv.kvproto,ChangeDataGrpc.ChangeDataImplBase,19,0,0,0,7,0,3,0,3,0
TiKV Java Client,org.tikv.kvproto,Debugpb.ScanMvccRequest.Builder,277,0,20,0,86,0,41,0,31,0
TiKV Java Client,org.tikv.kvproto,Pdpb.SplitRegionsResponse.Builder,538,0,52,0,99,0,68,0,42,0
TiKV Java Client,org.tikv.kvproto,RaftCmdpb.Request.new AbstractParser() {...},10,0,0,0,2,0,2,0,2,0
TiKV Java Client,org.tikv.kvproto,Kvrpcpb.MvccGetByStartTsResponse.Builder,687,0,88,0,0,0,92,0,48,0
TiKV Java Client,org.tikv.kvproto,Kvrpcpb.GCRequest.Builder,380,0,44,0,111,0,56,0,34,0
TiKV Java Client,org.tikv.kvproto,Errorpb.StaleCommand.new AbstractParser() {...},10,0,0,0,2,0,2,0,2,0
TiKV Java Client,org.tikv.kvproto,Pdpb.UpdateServiceGCSafePointResponse.Builder,462,0,50,0,136,0,65,0,40,0
TiKV Java Client,org.tikv.kvproto,RaftCmdpb.BatchSplitResponse,418,0,41,0,113,0,59,0,38,0
TiKV Java Client,org.tikv.kvproto,Tikvpb.BatchCommandsResponse.Response,4215,0,769,0,1078,0,575,0,139,0
TiKV Java Client,org.tikv.kvproto,RaftCmdpb.PrewriteResponse.new AbstractParser() {...},10,0,0,0,2,0,2,0,2,0
TiKV Java Client,org.tikv.kvproto,Kvrpcpb.RemoveLockObserverResponse,368,22,39,0,108,8,51,4,31,4
TiKV Java Client,org.tikv.kvproto,Cdcpb.Event.LogType.new Internal.EnumLiteMap() {...},6,0,0,0,2,0,2,0,2,0
TiKV Java Client,org.tikv.kvproto,Kvrpcpb.VerMutResponse.Builder,542,0,74,0,0,0,77,0,40,0
TiKV Java Client,org.tikv.kvproto,ImportKvpb.CloseEngineRequest,352,0,35,0,102,0,52,0,34,0
TiKV Java Client,org.tikv.kvproto,Kvrpcpb.MvccInfo.new AbstractParser() {...},10,0,0,0,0,0,2,0,2,0
TiKV Java Client,org.tikv.kvproto,RaftServerpb.SnapshotMeta.new AbstractParser() {...},10,0,0,0,2,0,2,0,2,0
TiKV Java Client,org.tikv.kvproto,Cdcpb.TxnStatus.Builder,286,0,18,0,91,0,43,0,34,0
TiKV Java Client,org.tikv.kvproto,Pdpb.GetAllStoresRequest,304,152,43,17,74,51,53,15,25,12
TiKV Java Client,org.tikv.kvproto,Pdpb.ReportSplitRequest.Builder,739,0,106,0,206,0,102,0,49,0
TiKV Java Client,org.tikv.kvproto,ImportSstpb.Pair.OP.new Internal.EnumLiteMap() {...},6,0,0,0,2,0,2,0,2,0
TiKV Java Client,org.tikv.kvproto,RaftCmdpb.VerifyHashResponse.new AbstractParser() {...},10,0,0,0,2,0,2,0,2,0
TiKV Java Client,org.tikv.kvproto,RaftCmdpb.SnapRequest.new AbstractParser() {...},10,0,0,0,2,0,2,0,2,0
TiKV Java Client,org.tikv.kvproto,Pdpb.GetStoreRequest.new AbstractParser() {...},0,10,0,0,0,2,0,2,0,2
TiKV Java Client,org.tikv.kvproto,RaftCmdpb.DeleteRangeRequest,557,0,66,0,155,0,73,0,38,0
TiKV Java Client,org.tikv.kvproto,RaftCmdpb.StatusRequest,579,0,87,0,149,0,86,0,41,0
TiKV Java Client,org.tikv.kvproto,Debugpb.ListFailPointsResponse.Entry.Builder,344,0,30,0,115,0,47,0,32,0
TiKV Java Client,org.tikv.kvproto,Tikvpb.BatchRaftMessage.new AbstractParser() {...},7,3,0,0,1,1,1,1,1,1
TiKV Java Client,org.tikv.kvproto,CoprocessorV2,118,0,0,0,28,0,4,0,4,0
TiKV Java Client,org.tikv.kvproto,ImportKvpb.Error.Builder,345,0,42,0,100,0,52,0,31,0
TiKV Java Client,org.tikv.kvproto,BackupOuterClass.Local.new AbstractParser() {...},10,0,0,0,2,0,2,0,2,0
TiKV Java Client,org.tikv.kvproto,RaftServerpb.SnapshotChunk,437,22,60,0,116,8,64,4,33,4
TiKV Java Client,org.tikv.kvproto,Kvrpcpb.TimeDetail.Builder,253,0,16,0,0,0,39,0,31,0
TiKV Java Client,org.tikv.kvproto,ImportKvpb.SwitchModeResponse,293,0,26,0,89,0,46,0,33,0
TiKV Java Client,org.tikv.kvproto,RaftServerpb.RaftTruncatedState.new AbstractParser() {...},10,0,0,0,2,0,2,0,2,0
TiKV Java Client,org.tikv.kvproto,Kvrpcpb.PhysicalScanLockRequest,543,28,78,0,141,10,76,4,35,4
TiKV Java Client,org.tikv.kvproto,Metapb.PeerRole,50,86,9,2,14,16,12,5,5,5
TiKV Java Client,org.tikv.kvproto,Pdpb.AskBatchSplitResponse.Builder,826,0,100,0,225,0,101,0,51,0
TiKV Java Client,org.tikv.kvproto,ChangeDataGrpc.MethodHandlers,28,0,2,0,9,0,4,0,3,0
TiKV Java Client,org.tikv.kvproto,RaftServerpb.ExtraMessageType.new Internal.EnumLiteMap() {...},6,0,0,0,2,0,2,0,2,0
TiKV Java Client,org.tikv.kvproto,Pdpb.RegionStat,531,0,62,0,145,0,70,0,37,0
TiKV Java Client,org.tikv.kvproto,Pdpb.GetDCLocationInfoRequest,475,22,64,0,0,0,67,4,34,4
TiKV Java Client,org.tikv.kvproto,Metapb.new Descriptors.FileDescriptor.InternalDescriptorAssigner() {...},0,8,0,0,0,3,0,2,0,2
TiKV Java Client,org.tikv.kvproto,RaftServerpb.Done.Builder,148,0,10,0,47,0,27,0,22,0
TiKV Java Client,org.tikv.kvproto,ImportKvpb.CleanupEngineResponse.new AbstractParser() {...},10,0,0,0,2,0,2,0,2,0
TiKV Java Client,org.tikv.kvproto,Debugpb.GetClusterInfoResponse.new AbstractParser() {...},10,0,0,0,2,0,2,0,2,0
TiKV Java Client,org.tikv.kvproto,Kvrpcpb.Context.Builder,954,245,104,12,0,0,137,12,79,12
TiKV Java Client,org.tikv.kvproto,Errorpb.EpochNotMatch.new AbstractParser() {...},0,10,0,0,0,2,0,2,0,2
TiKV Java Client,org.tikv.kvproto,Kvrpcpb.RawBatchDeleteResponse,475,22,64,0,130,8,67,4,34,4
TiKV Java Client,org.tikv.kvproto,ImportSstpb.DownloadRequest.new AbstractParser() {...},10,0,0,0,2,0,2,0,2,0
TiKV Java Client,org.tikv.kvproto,Debugpb.InjectFailPointResponse.Builder,148,0,10,0,47,0,27,0,22,0
TiKV Java Client,org.tikv.kvproto,Pdpb.GetOperatorRequest,439,22,60,0,117,8,64,4,33,4
TiKV Java Client,org.tikv.kvproto,Errorpb.StoreNotMatch,413,0,44,0,117,0,58,0,35,0
TiKV Java Client,org.tikv.kvproto,Pdpb.Region,755,0,106,0,181,0,104,0,49,0
TiKV Java Client,org.tikv.kvproto,CoprocessorV2.RawCoprocessorRequest,619,28,86,0,166,10,82,4,37,4
TiKV Java Client,org.tikv.kvproto,RaftCmdpb.RaftCmdResponse.new AbstractParser() {...},10,0,0,0,2,0,2,0,2,0
TiKV Java Client,org.tikv.kvproto,Encryptionpb.MasterKeyFile.new AbstractParser() {...},10,0,0,0,2,0,2,0,2,0
TiKV Java Client,org.tikv.kvproto,ImportKvpb.KVPair.Builder,242,0,18,0,75,0,37,0,28,0
TiKV Java Client,org.tikv.kvproto,ImportKvpb.CleanupEngineRequest.new AbstractParser() {...},10,0,0,0,2,0,2,0,2,0
TiKV Java Client,org.tikv.kvproto,Kvrpcpb.VerGetResponse.new AbstractParser() {...},7,3,0,0,0,0,1,1,1,1
TiKV Java Client,org.tikv.kvproto,Pdpb.GetDCLocationInfoResponse.new AbstractParser() {...},7,3,0,0,0,0,1,1,1,1
TiKV Java Client,org.tikv.kvproto,Kvrpcpb.RawGetKeyTTLRequest,529,25,73,0,0,0,73,4,35,4
TiKV Java Client,org.tikv.kvproto,Kvrpcpb.RawDeleteResponse.new AbstractParser() {...},7,3,0,0,1,1,1,1,1,1
TiKV Java Client,org.tikv.kvproto,Cdcpb.Header,449,0,48,0,130,0,61,0,36,0
TiKV Java Client,org.tikv.kvproto,Kvrpcpb.PessimisticLockResponse,909,37,123,0,214,13,110,4,45,4
TiKV Java Client,org.tikv.kvproto,Pdpb.TransferLeader.Builder,345,0,42,0,100,0,52,0,31,0
TiKV Java Client,org.tikv.kvproto,Pdpb.RegionHeartbeatResponse.Builder,1759,0,268,0,482,0,231,0,97,0
TiKV Java Client,org.tikv.kvproto,Pdpb.SplitID.new AbstractParser() {...},10,0,0,0,2,0,2,0,2,0
TiKV Java Client,org.tikv.kvproto,ImportSstpb.WriteRequest,550,0,76,0,153,0,80,0,40,0
TiKV Java Client,org.tikv.kvproto,Kvrpcpb.RawScanRequest.Builder,523,113,60,6,157,38,76,8,43,8
TiKV Java Client,org.tikv.kvproto,Kvrpcpb.VerBatchMutResponse.Builder,542,0,74,0,0,0,77,0,40,0
TiKV Java Client,org.tikv.kvproto,ImportKvpb.new Descriptors.FileDescriptor.InternalDescriptorAssigner() {...},8,0,0,0,3,0,2,0,2,0
TiKV Java Client,org.tikv.kvproto,Pdpb.StoreHeartbeatRequest.new AbstractParser() {...},7,3,0,0,1,1,1,1,1,1
TiKV Java Client,org.tikv.kvproto,Kvrpcpb.RawBatchScanRequest.new AbstractParser() {...},7,3,0,0,1,1,1,1,1,1
TiKV Java Client,org.tikv.kvproto,RaftCmdpb.PutRequest.Builder,340,0,28,0,109,0,47,0,33,0
TiKV Java Client,org.tikv.kvproto,RaftCmdpb.RegionDetailRequest.Builder,148,0,10,0,47,0,27,0,22,0
TiKV Java Client,org.tikv.kvproto,Pdpb.PeerStats.Builder,380,0,44,0,111,0,56,0,34,0
TiKV Java Client,org.tikv.kvproto,Tikvpb.BatchCommandsEmptyRequest.new AbstractParser() {...},10,0,0,0,2,0,2,0,2,0
TiKV Java Client,org.tikv.kvproto,Debugpb.InjectFailPointResponse,293,0,26,0,89,0,46,0,33,0
TiKV Java Client,org.tikv.kvproto,Pdpb.ReportBatchSplitRequest.new AbstractParser() {...},7,3,0,0,1,1,1,1,1,1
TiKV Java Client,org.tikv.kvproto,Kvrpcpb.CommitTsExpired,529,0,62,0,0,0,70,0,37,0
TiKV Java Client,org.tikv.kvproto,Metapb.Cluster.Builder,216,0,14,0,69,0,35,0,28,0
TiKV Java Client,org.tikv.kvproto,Diagnosticspb.ServerInfoPair,484,0,52,0,142,0,64,0,37,0
TiKV Java Client,org.tikv.kvproto,Pdpb.AskBatchSplitResponse.new AbstractParser() {...},7,3,0,0,1,1,1,1,1,1
TiKV Java Client,org.tikv.kvproto,Pdpb.ErrorType.new Internal.EnumLiteMap() {...},6,0,0,0,2,0,2,0,2,0
TiKV Java Client,org.tikv.kvproto,Debugpb.RegionConsistencyCheckRequest.new AbstractParser() {...},10,0,0,0,2,0,2,0,2,0
TiKV Java Client,org.tikv.kvproto,Pdpb.UpdateGCSafePointRequest.new AbstractParser() {...},7,3,0,0,1,1,1,1,1,1
TiKV Java Client,org.tikv.kvproto,Pdpb.ChangePeerV2,418,0,41,0,113,0,59,0,38,0
TiKV Java Client,org.tikv.kvproto,Errorpb.ProposalInMergingMode,354,0,35,0,103,0,52,0,34,0
TiKV Java Client,org.tikv.kvproto,RaftCmdpb.RegionDetailResponse.new AbstractParser() {...},10,0,0,0,2,0,2,0,2,0
TiKV Java Client,org.tikv.kvproto,Pdpb.StoreHeartbeatRequest,491,19,76,0,127,7,74,4,35,4
TiKV Java Client,org.tikv.kvproto,BackupOuterClass.Local.Builder,246,0,20,0,81,0,37,0,27,0
TiKV Java Client,org.tikv.kvproto,Debugpb.new Descriptors.FileDescriptor.InternalDescriptorAssigner() {...},8,0,0,0,3,0,2,0,2,0
TiKV Java Client,org.tikv.kvproto,RaftServerpb.RaftSnapshotData.Builder,1093,0,136,0,300,0,134,0,66,0
TiKV Java Client,org.tikv.kvproto,ImportSstpb.SetDownloadSpeedLimitRequest.Builder,183,0,12,0,58,0,31,0,25,0
TiKV Java Client,org.tikv.kvproto,RaftCmdpb.VerifyHashRequest.Builder,277,0,20,0,86,0,41,0,31,0
TiKV Java Client,org.tikv.kvproto,Pdpb.GetDCLocationInfoResponse,541,22,85,0,0,0,80,4,36,4
TiKV Java Client,org.tikv.kvproto,RaftCmdpb.RollbackMergeResponse.new AbstractParser() {...},10,0,0,0,2,0,2,0,2,0
TiKV Java Client,org.tikv.kvproto,Errorpb.NotLeader.Builder,380,0,44,0,111,0,56,0,34,0
TiKV Java Client,org.tikv.kvproto,RaftCmdpb.CommitMergeRequest,584,0,75,0,149,0,81,0,42,0
TiKV Java Client,org.tikv.kvproto,Kvrpcpb.GetRequest,312,206,48,21,73,65,55,19,24,14
TiKV Java Client,org.tikv.kvproto,RaftCmdpb.RollbackMergeRequest.new AbstractParser() {...},10,0,0,0,2,0,2,0,2,0
TiKV Java Client,org.tikv.kvproto,Mpp.EstablishMPPConnectionRequest.new AbstractParser() {...},7,3,0,0,1,1,1,1,1,1
TiKV Java Client,org.tikv.kvproto,ImportKVGrpc,484,0,44,0,176,0,36,0,14,0
TiKV Java Client,org.tikv.kvproto,Kvrpcpb.ReadIndexRequest.Builder,861,0,102,0,236,0,105,0,54,0
TiKV Java Client,org.tikv.kvproto,ChangeDataGrpc.ChangeDataMethodDescriptorSupplier,12,0,0,0,4,0,2,0,2,0
TiKV Java Client,org.tikv.kvproto,RaftCmdpb.DeleteRangeResponse,293,0,26,0,89,0,46,0,33,0
TiKV Java Client,org.tikv.kvproto,Debugpb.RaftLogRequest.new AbstractParser() {...},10,0,0,0,2,0,2,0,2,0
TiKV Java Client,org.tikv.kvproto,ImportKvpb.WriteBatch.new AbstractParser() {...},10,0,0,0,2,0,2,0,2,0
TiKV Java Client,org.tikv.kvproto,RaftServerpb.ExtraMessage.new AbstractParser() {...},10,0,0,0,2,0,2,0,2,0
TiKV Java Client,org.tikv.kvproto,ImportKvpb.CompactClusterRequest.Builder,443,0,52,0,134,0,62,0,36,0
TiKV Java Client,org.tikv.kvproto,ImportKvpb.GetVersionRequest,293,0,26,0,89,0,46,0,33,0
TiKV Java Client,org.tikv.kvproto,RaftCmdpb.RegionDetailRequest.new AbstractParser() {...},10,0,0,0,2,0,2,0,2,0
TiKV Java Client,org.tikv.kvproto,DebugGrpc.DebugStub,161,0,0,0,48,0,17,0,17,0
TiKV Java Client,org.tikv.kvproto,Kvrpcpb.UnsafeDestroyRangeRequest.new AbstractParser() {...},7,3,0,0,1,1,1,1,1,1
TiKV Java Client,org.tikv.kvproto,Pdpb.GetAllStoresRequest.Builder,322,56,39,5,91,20,51,5,29,5
TiKV Java Client,org.tikv.kvproto,CoprocessorV2.RawCoprocessorResponse.Builder,490,0,56,0,148,0,67,0,39,0
TiKV Java Client,org.tikv.kvproto,Pdpb.ResponseHeader,313,149,45,15,76,50,52,16,24,13
TiKV Java Client,org.tikv.kvproto,Kvrpcpb.BatchGetRequest.new AbstractParser() {...},0,10,0,0,0,2,0,2,0,2
TiKV Java Client,org.tikv.kvproto,Pdpb.AskSplitResponse.new AbstractParser() {...},7,3,0,0,1,1,1,1,1,1
TiKV Java Client,org.tikv.kvproto,RaftCmdpb.AdminResponse.new AbstractParser() {...},10,0,0,0,2,0,2,0,2,0
TiKV Java Client,org.tikv.kvproto,Kvrpcpb.RawScanResponse.new AbstractParser() {...},0,10,0,0,0,2,0,2,0,2
TiKV Java Client,org.tikv.kvproto,Pdpb.ReportBatchSplitRequest.Builder,826,0,100,0,225,0,101,0,51,0
TiKV Java Client,org.tikv.kvproto,Pdpb.ScanRegionsResponse,743,28,96,0,173,10,97,4,47,4
TiKV Java Client,org.tikv.kvproto,Errorpb.RegionNotFound.new AbstractParser() {...},10,0,0,0,2,0,2,0,2,0
TiKV Java Client,org.tikv.kvproto,ImportKvpb.WriteHead,352,0,35,0,102,0,52,0,34,0
TiKV Java Client,org.tikv.kvproto,Diagnosticspb.ServerInfoRequest,365,0,37,0,105,0,54,0,35,0
TiKV Java Client,org.tikv.kvproto,Cdcpb.Event.Admin.new AbstractParser() {...},10,0,0,0,2,0,2,0,2,0
TiKV Java Client,org.tikv.kvproto,ImportSstpb.CompactResponse.new AbstractParser() {...},10,0,0,0,2,0,2,0,2,0
TiKV Java Client,org.tikv.kvproto,Pdpb.SplitID,547,0,61,0,146,0,69,0,37,0
TiKV Java Client,org.tikv.kvproto,Pdpb.PutStoreResponse,491,19,76,0,127,7,74,4,35,4
TiKV Java Client,org.tikv.kvproto,Pdpb.Timestamp,300,166,36,17,75,55,48,16,24,12
TiKV Java Client,org.tikv.kvproto,RaftServerpb.RaftMessage.Builder,1492,0,214,0,415,0,195,0,88,0
TiKV Java Client,org.tikv.kvproto,Pdpb.Member,680,458,91,48,161,136,93,34,33,20
TiKV Java Client,org.tikv.kvproto,RaftCmdpb.BatchSplitRequest.new AbstractParser() {...},10,0,0,0,2,0,2,0,2,0
TiKV Java Client,org.tikv.kvproto,RaftCmdpb.GetRequest.Builder,293,0,24,0,95,0,42,0,30,0
TiKV Java Client,org.tikv.kvproto,Mpp.DispatchTaskRequest.Builder,943,0,108,0,261,0,114,0,60,0
TiKV Java Client,org.tikv.kvproto,RaftServerpb.KeyValue.Builder,242,0,18,0,75,0,37,0,28,0
TiKV Java Client,org.tikv.kvproto,RaftCmdpb.GetRequest.new AbstractParser() {...},10,0,0,0,2,0,2,0,2,0
TiKV Java Client,org.tikv.kvproto,ImportSstpb.IngestRequest.Builder,542,0,74,0,153,0,77,0,40,0
TiKV Java Client,org.tikv.kvproto,Pdpb.RegionStat.new AbstractParser() {...},10,0,0,0,2,0,2,0,2,0
TiKV Java Client,org.tikv.kvproto,Kvrpcpb.ResolveLockResponse,491,19,76,0,127,7,74,4,35,4
TiKV Java Client,org.tikv.kvproto,Cdcpb.ChangeDataRequest.NotifyTxnStatus.new AbstractParser() {...},10,0,0,0,2,0,2,0,2,0
TiKV Java Client,org.tikv.kvproto,Kvrpcpb.MvccValue,411,0,44,0,0,0,58,0,35,0
TiKV Java Client,org.tikv.kvproto,Kvrpcpb.RawGetRequest,351,203,49,24,84,67,56,21,25,14
TiKV Java Client,org.tikv.kvproto,Kvrpcpb.BatchGetResponse.Builder,1073,147,153,11,287,44,144,7,62,7
TiKV Java Client,org.tikv.kvproto,ImportSstpb.DownloadResponse.Builder,643,0,80,0,186,0,89,0,49,0
TiKV Java Client,org.tikv.kvproto,RaftServerpb.SnapshotChunk.Builder,392,0,46,0,114,0,57,0,34,0
TiKV Java Client,org.tikv.kvproto,ImportKvpb.CompactClusterRequest.new AbstractParser() {...},10,0,0,0,2,0,2,0,2,0
TiKV Java Client,org.tikv.kvproto,Encryptionpb.MasterKeyPlaintext.new AbstractParser() {...},10,0,0,0,2,0,2,0,2,0
TiKV Java Client,org.tikv.kvproto,RaftCmdpb.StatusResponse.Builder,605,0,80,0,172,0,85,0,45,0
TiKV Java Client,org.tikv.kvproto,Kvrpcpb.ScanRequest.new AbstractParser() {...},0,10,0,0,0,2,0,2,0,2
TiKV Java Client,org.tikv.kvproto,Coprocessor.BatchRequest.new AbstractParser() {...},7,3,0,0,1,1,1,1,1,1
TiKV Java Client,org.tikv.kvproto,Kvrpcpb.VerDeleteRangeRequest.new AbstractParser() {...},7,3,0,0,0,0,1,1,1,1
TiKV Java Client,org.tikv.kvproto,RaftCmdpb.DeleteRequest.Builder,293,0,24,0,95,0,42,0,30,0
TiKV Java Client,org.tikv.kvproto,Kvrpcpb.CheckSecondaryLocksRequest,561,25,75,0,140,9,75,4,36,4
TiKV Java Client,org.tikv.kvproto,Pdpb.GetAllStoresResponse.new AbstractParser() {...},0,10,0,0,0,2,0,2,0,2
TiKV Java Client,org.tikv.kvproto,Kvrpcpb.CommitRequest,439,206,68,16,111,52,70,15,29,12
TiKV Java Client,org.tikv.kvproto,Kvrpcpb.ResolveLockRequest.new AbstractParser() {...},7,3,0,0,1,1,1,1,1,1
TiKV Java Client,org.tikv.kvproto,TikvGrpc.TikvBlockingStub,456,11,0,0,102,3,51,2,51,2
TiKV Java Client,org.tikv.kvproto,Errorpb.Error.Builder,2221,192,355,17,608,56,306,6,120,6
[...]
TiKV Java Client,com.pingcap.tidb.tipb,ByItem.Builder,729,0,88,0,189,0,88,0,44,0
TiKV Java Client,com.pingcap.tidb.tipb,RowMeta,483,0,64,0,127,0,70,0,37,0
TiKV Java Client,com.pingcap.tidb.tipb,AnalyzeColumnsReq,884,0,136,0,206,0,119,0,48,0
TiKV Java Client,com.pingcap.tidb.tipb,KeyRange,483,0,64,0,125,0,70,0,37,0
TiKV Java Client,com.pingcap.tidb.tipb,UserIdentity.new AbstractParser() {...},10,0,0,0,2,0,2,0,2,0
TiKV Java Client,com.pingcap.tidb.tipb,Executor,1318,0,238,0,280,0,179,0,56,0
TiKV Java Client,com.pingcap.tidb.tipb,AnalyzeIndexReq.Builder,437,0,34,0,118,0,55,0,38,0
TiKV Java Client,com.pingcap.tidb.tipb,SampleCollector,962,0,152,0,218,0,127,0,48,0
TiKV Java Client,com.pingcap.tidb.tipb,Histogram.Builder,699,0,74,0,189,0,83,0,46,0
TiKV Java Client,com.pingcap.tidb.tipb,SampleCollector.new AbstractParser() {...},10,0,0,0,2,0,2,0,2,0
TiKV Java Client,com.pingcap.tidb.tipb,ChecksumRewriteRule.Builder,323,0,26,0,90,0,43,0,30,0
TiKV Java Client,com.pingcap.tidb.tipb,Selection,541,0,56,0,137,0,72,0,43,0
TiKV Java Client,com.pingcap.tidb.tipb,Selection.Builder,1095,0,126,0,292,0,125,0,62,0
TiKV Java Client,com.pingcap.tidb.tipb,SelectResponse.new AbstractParser() {...},10,0,0,0,2,0,2,0,2,0
TiKV Java Client,com.pingcap.tidb.tipb,RpnExpr,418,0,41,0,113,0,59,0,38,0
TiKV Java Client,com.pingcap.tidb.tipb,Limit.new AbstractParser() {...},10,0,0,0,2,0,2,0,2,0
TiKV Java Client,com.pingcap.tidb.tipb,FMSketch,558,0,67,0,142,0,73,0,38,0
TiKV Java Client,com.pingcap.tidb.tipb,Bucket.new AbstractParser() {...},10,0,0,0,2,0,2,0,2,0
TiKV Java Client,com.pingcap.tidb.tipb,AnalyzeReq.new AbstractParser() {...},10,0,0,0,2,0,2,0,2,0
TiKV Java Client,com.pingcap.tidb.tipb,Select.new Descriptors.FileDescriptor.InternalDescriptorAssigner() {...},8,0,0,0,3,0,2,0,2,0
TiKV Java Client,com.pingcap.tidb.tipb,CMSketch,635,0,75,0,156,0,84,0,45,0
TiKV Java Client,com.pingcap.tidb.tipb,KeyRange.new AbstractParser() {...},10,0,0,0,2,0,2,0,2,0
TiKV Java Client,com.pingcap.tidb.tipb,StreamResponse,904,0,128,0,207,0,115,0,48,0
TiKV Java Client,com.pingcap.tidb.tipb,AnalyzeColumnsReq.new AbstractParser() {...},10,0,0,0,2,0,2,0,2,0
TiKV Java Client,com.pingcap.tidb.tipb,Executor.new AbstractParser() {...},10,0,0,0,2,0,2,0,2,0
TiKV Java Client,com.pingcap.tidb.tipb,ScalarFuncSig.new Internal.EnumLiteMap() {...},6,0,0,0,2,0,2,0,2,0
TiKV Java Client,com.pingcap.tidb.tipb,TopN.new AbstractParser() {...},10,0,0,0,2,0,2,0,2,0
TiKV Java Client,com.pingcap.tidb.tipb,ExecutorOuterClass,299,0,0,0,40,0,4,0,4,0
TiKV Java Client,com.pingcap.tidb.tipb,Selection.new AbstractParser() {...},10,0,0,0,2,0,2,0,2,0
TiKV Java Client,com.pingcap.tidb.tipb,SampleCollector.Builder,1027,0,112,0,264,0,116,0,60,0
TiKV Java Client,com.pingcap.tidb.tipb,CMSketchRow,464,0,48,0,123,0,61,0,36,0
TiKV Java Client,com.pingcap.tidb.tipb,ChunkMemoryLayout.Builder,247,0,20,0,71,0,36,0,26,0
TiKV Java Client,com.pingcap.tidb.tipb,ChecksumScanOn.new Internal.EnumLiteMap() {...},6,0,0,0,2,0,2,0,2,0
TiKV Java Client,com.pingcap.tidb.tipb,AnalyzeColumnsResp,549,0,68,0,138,0,76,0,41,0
TiKV Java Client,com.pingcap.tidb.tipb,DAGRequest,1936,0,336,0,420,0,246,0,70,0
TiKV Java Client,com.pingcap.tidb.tipb,AnalyzeIndexResp.Builder,659,0,82,0,172,0,81,0,40,0
TiKV Java Client,com.pingcap.tidb.tipb,Executor.Builder,2004,0,272,0,498,0,225,0,89,0
TiKV Java Client,com.pingcap.tidb.tipb,IndexInfo.new AbstractParser() {...},10,0,0,0,2,0,2,0,2,0
TiKV Java Client,com.pingcap.tidb.tipb,TableScan.new AbstractParser() {...},10,0,0,0,2,0,2,0,2,0
TiKV Java Client,com.pingcap.tidb.tipb,Limit.Builder,227,0,16,0,67,0,34,0,26,0
TiKV Java Client,com.pingcap.tidb.tipb,AnalyzeType.new Internal.EnumLiteMap() {...},6,0,0,0,2,0,2,0,2,0
TiKV Java Client,com.pingcap.tidb.tipb,ByItem,649,0,99,0,157,0,92,0,41,0
TiKV Java Client,com.pingcap.tidb.tipb,Expr.Builder,1213,0,138,0,312,0,136,0,67,0
TiKV Java Client,eraftpb,Eraftpb.ConfChangeV2,544,0,61,0,141,0,73,0,41,0
TiKV Java Client,eraftpb,Eraftpb.ConfChangeType.new Internal.EnumLiteMap() {...},6,0,0,0,2,0,2,0,2,0
TiKV Java Client,eraftpb,Eraftpb.EntryType,123,0,10,0,28,0,16,0,10,0
TiKV Java Client,eraftpb,Eraftpb.ConfChangeV2.new AbstractParser() {...},10,0,0,0,2,0,2,0,2,0
TiKV Java Client,eraftpb,Eraftpb.ConfState.Builder,786,0,44,0,209,0,79,0,57,0
TiKV Java Client,eraftpb,Eraftpb.ConfChangeTransition.new Internal.EnumLiteMap() {...},6,0,0,0,2,0,2,0,2,0
TiKV Java Client,eraftpb,Eraftpb,4,300,0,0,3,24,2,2,2,2
TiKV Java Client,eraftpb,Eraftpb.Snapshot,460,0,60,0,125,0,68,0,37,0
TiKV Java Client,eraftpb,Eraftpb.Entry.new AbstractParser() {...},10,0,0,0,2,0,2,0,2,0
TiKV Java Client,eraftpb,Eraftpb.Message,1177,0,167,0,289,0,143,0,53,0
TiKV Java Client,eraftpb,Eraftpb.SnapshotMetadata.Builder,415,0,46,0,122,0,60,0,37,0
TiKV Java Client,eraftpb,Eraftpb.ConfChangeTransition,123,0,10,0,28,0,16,0,10,0
TiKV Java Client,eraftpb,Eraftpb.MessageType,331,0,26,0,60,0,32,0,10,0
TiKV Java Client,eraftpb,Eraftpb.ConfChange.new AbstractParser() {...},10,0,0,0,2,0,2,0,2,0
TiKV Java Client,eraftpb,Eraftpb.ConfChangeSingle.new AbstractParser() {...},10,0,0,0,2,0,2,0,2,0
TiKV Java Client,eraftpb,Eraftpb.HardState,472,0,53,0,131,0,64,0,36,0
TiKV Java Client,eraftpb,Eraftpb.ConfChangeV2.Builder,739,0,78,0,205,0,89,0,50,0
TiKV Java Client,eraftpb,Eraftpb.Snapshot.Builder,392,0,46,0,114,0,57,0,34,0
TiKV Java Client,eraftpb,Eraftpb.ConfChangeSingle.Builder,246,0,18,0,77,0,39,0,30,0
TiKV Java Client,eraftpb,Eraftpb.EntryType.new Internal.EnumLiteMap() {...},6,0,0,0,2,0,2,0,2,0
TiKV Java Client,eraftpb,Eraftpb.ConfState.new AbstractParser() {...},10,0,0,0,2,0,2,0,2,0
TiKV Java Client,eraftpb,Eraftpb.Message.new AbstractParser() {...},10,0,0,0,2,0,2,0,2,0
TiKV Java Client,eraftpb,Eraftpb.Entry.Builder,408,0,30,0,127,0,57,0,42,0
TiKV Java Client,eraftpb,Eraftpb.ConfChangeType,123,0,10,0,28,0,16,0,10,0
TiKV Java Client,eraftpb,Eraftpb.HardState.new AbstractParser() {...},10,0,0,0,2,0,2,0,2,0
TiKV Java Client,eraftpb,Eraftpb.MessageType.new Internal.EnumLiteMap() {...},6,0,0,0,2,0,2,0,2,0
TiKV Java Client,eraftpb,Eraftpb.new Descriptors.FileDescriptor.InternalDescriptorAssigner() {...},0,8,0,0,0,3,0,2,0,2
TiKV Java Client,eraftpb,Eraftpb.Snapshot.new AbstractParser() {...},10,0,0,0,2,0,2,0,2,0
TiKV Java Client,eraftpb,Eraftpb.Message.Builder,1249,0,128,0,357,0,150,0,86,0
TiKV Java Client,eraftpb,Eraftpb.SnapshotMetadata,520,0,69,0,139,0,74,0,38,0
TiKV Java Client,eraftpb,Eraftpb.ConfChange,539,0,64,0,145,0,72,0,38,0
TiKV Java Client,eraftpb,Eraftpb.ConfChangeSingle,423,0,46,0,118,0,60,0,36,0
TiKV Java Client,eraftpb,Eraftpb.ConfState,1108,0,139,0,268,0,120,0,46,0
TiKV Java Client,eraftpb,Eraftpb.SnapshotMetadata.new AbstractParser() {...},10,0,0,0,2,0,2,0,2,0
TiKV Java Client,eraftpb,Eraftpb.ConfChange.Builder,328,0,24,0,102,0,48,0,36,0
TiKV Java Client,eraftpb,Eraftpb.Entry,650,0,82,0,172,0,84,0,40,0
TiKV Java Client,eraftpb,Eraftpb.HardState.Builder,253,0,16,0,80,0,39,0,31,0
TiKV Java Client,org.tikv.common.expression.visitor,ProtoConverter,755,0,49,0,185,0,53,0,19,0
TiKV Java Client,org.tikv.common.expression.visitor,IndexMatcher,131,0,20,0,28,0,20,0,9,0
TiKV Java Client,org.tikv.common.expression.visitor,IndexRangeSetBuilder,112,0,12,0,25,0,9,0,3,0
TiKV Java Client,org.tikv.common.expression.visitor,DefaultVisitor,72,0,2,0,15,0,13,0,12,0
TiKV Java Client,org.tikv.common.expression.visitor,RangeSetBuilder,157,0,18,0,50,0,20,0,6,0
TiKV Java Client,org.tikv.common.expression.visitor,MetaResolver,83,0,6,0,25,0,11,0,8,0
TiKV Java Client,org.tikv.common.expression.visitor,PseudoCostCalculator,70,0,7,0,15,0,10,0,5,0
TiKV Java Client,org.tikv.common.expression.visitor,PartAndFilterExprRewriter,162,0,16,0,35,0,18,0,10,0
TiKV Java Client,org.tikv.common.expression.visitor,PrunedPartitionBuilder,60,0,8,0,18,0,8,0,4,0
TiKV Java Client,org.tikv.common.expression.visitor,ColumnMatcher,27,0,0,0,7,0,4,0,4,0
TiKV Java Client,org.tikv.common.expression.visitor,SupportedExpressionValidator,70,0,12,0,18,0,10,0,4,0
TiKV Java Client,org.tikv.service.failsafe,NoOpCircuitBreakerMetrics,2,5,0,0,2,3,2,3,2,3
TiKV Java Client,org.tikv.service.failsafe,CircuitBreaker.Status,3,45,0,0,1,7,1,2,1,2
TiKV Java Client,org.tikv.service.failsafe,HealthCounts,3,58,0,2,1,10,1,5,1,4
TiKV Java Client,org.tikv.service.failsafe,CircuitBreakerMetricsImpl.SingleWindowMetrics,0,45,0,0,0,11,0,5,0,5
TiKV Java Client,org.tikv.service.failsafe,CircuitBreakerMetricsImpl,1,115,1,5,1,29,1,9,0,7
TiKV Java Client,org.tikv.service.failsafe,CircuitBreakerImpl,6,298,7,23,2,75,7,26,0,18
TiKV Java Client,org.tikv.common.replica,ReplicaSelector,0,13,0,0,0,3,0,1,0,1
TiKV Java Client,org.tikv.common.replica,FollowerReplicaSelector,43,3,6,0,8,1,4,1,1,1
TiKV Java Client,org.tikv.common.replica,Store.State,44,0,0,0,5,0,1,0,1,0
TiKV Java Client,org.tikv.common.replica,Store,87,38,14,2,18,11,18,5,9,5
TiKV Java Client,org.tikv.common.replica,LeaderReplicaSelector,0,15,0,0,0,4,0,2,0,2
TiKV Java Client,org.tikv.common.replica,Region,26,60,0,4,4,14,4,5,4,3
TiKV Java Client,org.tikv.common.replica,LeaderFollowerReplicaSelector,4,46,2,4,1,9,2,3,0,2
TiKV Java Client,org.tikv.common.replica,Store.Label,14,0,0,0,5,0,3,0,3,0
TiKV Java Client,org.tikv.common.columnar.datatypes,CHTypeDate,10,0,0,0,5,0,3,0,3,0
TiKV Java Client,org.tikv.common.columnar.datatypes,CHType,101,0,6,0,24,0,9,0,6,0
TiKV Java Client,org.tikv.common.columnar.datatypes,CHTypeDecimal,58,0,6,0,13,0,6,0,3,0
TiKV Java Client,org.tikv.common.columnar.datatypes,CHTypeNumber.CHTypeUInt8,8,0,0,0,4,0,2,0,2,0
TiKV Java Client,org.tikv.common.columnar.datatypes,CHTypeMyDate,10,0,0,0,5,0,3,0,3,0
TiKV Java Client,org.tikv.common.columnar.datatypes,CHTypeNumber,5,0,0,0,2,0,2,0,2,0
TiKV Java Client,org.tikv.common.columnar.datatypes,CHTypeDateTime,10,0,0,0,5,0,3,0,3,0
TiKV Java Client,org.tikv.common.columnar.datatypes,CHTypeNumber.CHTypeInt64,8,0,0,0,4,0,2,0,2,0
TiKV Java Client,org.tikv.common.columnar.datatypes,CHTypeNumber.CHTypeInt16,8,0,0,0,4,0,2,0,2,0
TiKV Java Client,org.tikv.common.columnar.datatypes,CHTypeNumber.CHTypeInt32,8,0,0,0,4,0,2,0,2,0
TiKV Java Client,org.tikv.common.columnar.datatypes,CHTypeNumber.CHTypeFloat32,8,0,0,0,4,0,2,0,2,0
TiKV Java Client,org.tikv.common.columnar.datatypes,CHTypeNumber.CHTypeFloat64,8,0,0,0,4,0,2,0,2,0
TiKV Java Client,org.tikv.common.columnar.datatypes,CHTypeNumber.CHTypeUInt64,10,0,0,0,5,0,3,0,3,0
TiKV Java Client,org.tikv.common.columnar.datatypes,CHTypeNumber.CHTypeUInt16,8,0,0,0,4,0,2,0,2,0
TiKV Java Client,org.tikv.common.columnar.datatypes,CHTypeNumber.CHTypeUInt32,8,0,0,0,4,0,2,0,2,0
TiKV Java Client,org.tikv.common.columnar.datatypes,CHTypeMyDateTime,10,0,0,0,5,0,3,0,3,0
TiKV Java Client,org.tikv.common.columnar.datatypes,AutoGrowByteBuffer,107,0,6,0,28,0,9,0,6,0
TiKV Java Client,org.tikv.common.columnar.datatypes,CHTypeNumber.CHTypeInt8,8,0,0,0,4,0,2,0,2,0
TiKV Java Client,org.tikv.common.columnar.datatypes,CHTypeString,114,0,10,0,29,0,11,0,6,0
TiKV Java Client,org.tikv.common.columnar.datatypes,CHTypeFixedString,36,0,6,0,7,0,7,0,4,0
TiKV Java Client,org.tikv.common.expression,PartitionPruner,187,0,23,0,34,0,16,0,4,0
TiKV Java Client,org.tikv.common.expression,FuncCallExpr.Type,14,0,0,0,2,0,1,0,1,0
TiKV Java Client,org.tikv.common.expression,StringRegExpression,251,0,14,0,38,0,25,0,18,0
TiKV Java Client,org.tikv.common.expression,ComparisonBinaryExpression,254,0,27,0,55,0,32,0,16,0
TiKV Java Client,org.tikv.common.expression,RangePartitionPruner,178,0,14,0,42,0,12,0,5,0
TiKV Java Client,org.tikv.common.expression,FuncCallExprEval,80,0,8,0,19,0,8,0,4,0
TiKV Java Client,org.tikv.common.expression,StringRegExpression.Type,44,0,0,0,5,0,1,0,1,0
TiKV Java Client,org.tikv.common.expression,RangeColumnPartitionPruner,270,0,30,0,58,0,20,0,4,0
TiKV Java Client,org.tikv.common.expression,TypeBlocklist,151,0,0,0,32,0,4,0,4,0
TiKV Java Client,org.tikv.common.expression,Constant,214,0,46,0,53,0,36,0,13,0
TiKV Java Client,org.tikv.common.expression,ByItem,58,0,2,0,11,0,7,0,6,0
TiKV Java Client,org.tikv.common.expression,Not,63,0,4,0,16,0,10,0,8,0
TiKV Java Client,org.tikv.common.expression,ComparisonBinaryExpression.Operator,64,0,0,0,7,0,1,0,1,0
TiKV Java Client,org.tikv.common.expression,LogicalBinaryExpression,136,0,10,0,23,0,17,0,12,0
TiKV Java Client,org.tikv.common.expression,ArithmeticBinaryExpression,198,0,10,0,30,0,23,0,18,0
TiKV Java Client,org.tikv.common.expression,FuncCallExpr,89,0,8,0,23,0,15,0,11,0
TiKV Java Client,org.tikv.common.expression,AggregateFunction.FunctionType,54,0,0,0,6,0,1,0,1,0
TiKV Java Client,org.tikv.common.expression,Expression,28,0,0,0,11,0,5,0,5,0
TiKV Java Client,org.tikv.common.expression,ComparisonBinaryExpression.NormalizedPredicate,50,0,2,0,13,0,7,0,6,0
TiKV Java Client,org.tikv.common.expression,AggregateFunction,106,0,8,0,19,0,14,0,10,0
TiKV Java Client,org.tikv.common.expression,Blocklist,62,0,6,0,12,0,7,0,4,0
TiKV Java Client,org.tikv.common.expression,ArithmeticBinaryExpression.Type,74,0,0,0,8,0,1,0,1,0
TiKV Java Client,org.tikv.common.expression,ColumnRef,239,0,26,0,50,0,29,0,16,0
TiKV Java Client,org.tikv.common.expression,ExpressionBlocklist,8,0,0,0,3,0,2,0,2,0
TiKV Java Client,org.tikv.common.expression,LogicalBinaryExpression.Type,34,0,0,0,4,0,1,0,1,0
TiKV Java Client,org.tikv.common.expression,IsNull,58,0,4,0,15,0,9,0,7,0
TiKV Java Client,org.tikv.common.expression,Visitor,3,0,0,0,1,0,1,0,1,0
TiKV Java Client,org.tikv.common.catalog,Catalog.CatalogCache,188,0,18,0,43,0,20,0,11,0
TiKV Java Client,org.tikv.common.catalog,CatalogTransaction,193,0,12,0,44,0,13,0,7,0
TiKV Java Client,org.tikv.common.catalog,Catalog,186,0,16,0,50,0,18,0,10,0
TiKV Java Client,enginepb,Enginepb.SnapshotData,565,0,63,0,152,0,74,0,41,0
TiKV Java Client,enginepb,Enginepb.CommandRequestHeader.Builder,366,0,24,0,116,0,52,0,40,0
TiKV Java Client,enginepb,Enginepb.CommandResponse.Builder,577,0,76,0,164,0,81,0,43,0
TiKV Java Client,enginepb,Enginepb.CommandRequestHeader.new AbstractParser() {...},10,0,0,0,2,0,2,0,2,0
TiKV Java Client,enginepb,Enginepb.CommandResponseBatch,418,0,41,0,113,0,59,0,38,0
TiKV Java Client,enginepb,Enginepb.CommandResponseHeader,408,0,44,0,117,0,58,0,35,0
TiKV Java Client,enginepb,Enginepb.CommandRequest.Builder,1220,0,164,0,331,0,151,0,69,0
TiKV Java Client,enginepb,EngineGrpc.EngineStub,29,0,0,0,7,0,4,0,4,0
TiKV Java Client,enginepb,EngineGrpc,140,0,12,0,48,0,12,0,6,0
TiKV Java Client,enginepb,Enginepb.CommandResponseBatch.new AbstractParser() {...},10,0,0,0,2,0,2,0,2,0
TiKV Java Client,enginepb,Enginepb.CommandResponse,568,0,85,0,147,0,84,0,40,0
TiKV Java Client,enginepb,EngineGrpc.EngineFileDescriptorSupplier,3,0,0,0,1,0,1,0,1,0
TiKV Java Client,enginepb,Enginepb.SnapshotRequest.Builder,667,0,97,0,189,0,91,0,42,0
TiKV Java Client,enginepb,EngineGrpc.EngineBlockingStub,11,0,0,0,3,0,2,0,2,0
TiKV Java Client,enginepb,Enginepb.SnapshotState,617,0,101,0,156,0,94,0,42,0
TiKV Java Client,enginepb,Enginepb.SnapshotDone.new AbstractParser() {...},10,0,0,0,2,0,2,0,2,0
TiKV Java Client,enginepb,Enginepb.new Descriptors.FileDescriptor.InternalDescriptorAssigner() {...},8,0,0,0,3,0,2,0,2,0
TiKV Java Client,enginepb,Enginepb.CommandResponseHeader.Builder,216,0,14,0,69,0,35,0,28,0
TiKV Java Client,enginepb,Enginepb.CommandResponseBatch.Builder,623,0,68,0,170,0,76,0,42,0
TiKV Java Client,enginepb,Enginepb.CommandResponse.new AbstractParser() {...},10,0,0,0,2,0,2,0,2,0
TiKV Java Client,enginepb,EngineGrpc.EngineBaseDescriptorSupplier,10,0,0,0,3,0,3,0,3,0
TiKV Java Client,enginepb,Enginepb.SnapshotData.new AbstractParser() {...},10,0,0,0,2,0,2,0,2,0
TiKV Java Client,enginepb,EngineGrpc.new AbstractStub.StubFactory() {...},10,0,0,0,2,0,2,0,2,0
TiKV Java Client,enginepb,EngineGrpc.new AbstractStub.StubFactory() {...},10,0,0,0,2,0,2,0,2,0
TiKV Java Client,enginepb,EngineGrpc.new AbstractStub.StubFactory() {...},10,0,0,0,2,0,2,0,2,0
TiKV Java Client,enginepb,Enginepb.SnapshotState.new AbstractParser() {...},10,0,0,0,2,0,2,0,2,0
TiKV Java Client,enginepb,Enginepb.CommandRequestBatch.Builder,623,0,68,0,170,0,76,0,42,0
TiKV Java Client,enginepb,Enginepb.SnapshotData.Builder,760,0,80,0,217,0,90,0,50,0
TiKV Java Client,enginepb,Enginepb.SnapshotRequest.ChunkCase,61,0,4,0,14,0,8,0,5,0
TiKV Java Client,enginepb,EngineGrpc.EngineMethodDescriptorSupplier,12,0,0,0,4,0,2,0,2,0
TiKV Java Client,enginepb,Enginepb.CommandRequest.new AbstractParser() {...},10,0,0,0,2,0,2,0,2,0
TiKV Java Client,enginepb,Enginepb.SnapshotRequest,550,0,76,0,153,0,80,0,40,0
TiKV Java Client,enginepb,EngineGrpc.MethodHandlers,33,0,3,0,10,0,5,0,3,0
TiKV Java Client,enginepb,EngineGrpc.EngineImplBase,31,0,0,0,11,0,4,0,4,0
TiKV Java Client,enginepb,Enginepb.SnapshotDone,293,0,26,0,89,0,46,0,33,0
TiKV Java Client,enginepb,Enginepb.SnapshotRequest.new AbstractParser() {...},10,0,0,0,2,0,2,0,2,0
TiKV Java Client,enginepb,Enginepb.SnapshotState.Builder,739,0,106,0,206,0,102,0,49,0
TiKV Java Client,enginepb,Enginepb.CommandRequestBatch,418,0,41,0,113,0,59,0,38,0
TiKV Java Client,enginepb,Enginepb.CommandRequestHeader,637,0,80,0,172,0,82,0,39,0
TiKV Java Client,enginepb,Enginepb.CommandRequestBatch.new AbstractParser() {...},10,0,0,0,2,0,2,0,2,0
TiKV Java Client,enginepb,Enginepb.CommandRequest,740,0,116,0,180,0,107,0,47,0
TiKV Java Client,enginepb,Enginepb,275,0,0,0,35,0,4,0,4,0
TiKV Java Client,enginepb,Enginepb.CommandResponseHeader.new AbstractParser() {...},10,0,0,0,2,0,2,0,2,0
TiKV Java Client,enginepb,EngineGrpc.EngineFutureStub,11,0,0,0,3,0,2,0,2,0
TiKV Java Client,enginepb,Enginepb.SnapshotDone.Builder,148,0,10,0,47,0,27,0,22,0
TiKV Java Client,org.tikv.common.columnar,TiCoreTime,61,0,0,0,10,0,8,0,8,0
TiKV Java Client,org.tikv.common.columnar,TiChunk,24,0,0,0,7,0,4,0,4,0
TiKV Java Client,org.tikv.common.columnar,TiChunkColumnVector,586,0,62,0,106,0,56,0,25,0
TiKV Java Client,org.tikv.common.columnar,BatchedTiChunkColumnVector,311,0,10,0,49,0,25,0,20,0
TiKV Java Client,org.tikv.common.columnar,TiRowColumnVector,169,0,8,0,27,0,20,0,16,0
TiKV Java Client,org.tikv.common.columnar,TiColumnVector,155,0,14,0,34,0,17,0,10,0
TiKV Java Client,org.tikv.common.columnar,TiBlockColumnVector,594,0,40,0,119,0,45,0,25,0
TiKV Java Client,org.tikv.common.policy,RetryMaxMs.Builder,0,14,0,0,0,4,0,2,0,2
TiKV Java Client,org.tikv.common.policy,RetryPolicy,15,200,3,5,3,50,3,5,0,4
TiKV Java Client,org.tikv.common.policy,RetryMaxMs,0,7,0,0,0,3,0,1,0,1
TiKV Java Client,span,SpanOuterClass.SpanSet.Builder,734,0,74,0,205,0,88,0,51,0
TiKV Java Client,span,SpanOuterClass.Span.Builder,483,0,50,0,144,0,68,0,43,0
TiKV Java Client,span,SpanOuterClass.Parent,354,0,35,0,103,0,52,0,34,0
TiKV Java Client,span,SpanOuterClass.Continue.Builder,183,0,12,0,58,0,31,0,25,0
TiKV Java Client,span,SpanOuterClass.Continue,354,0,35,0,103,0,52,0,34,0
TiKV Java Client,span,SpanOuterClass,161,0,0,0,21,0,4,0,4,0
TiKV Java Client,span,SpanOuterClass.new Descriptors.FileDescriptor.InternalDescriptorAssigner() {...},8,0,0,0,3,0,2,0,2,0
TiKV Java Client,span,SpanOuterClass.Parent.new AbstractParser() {...},10,0,0,0,2,0,2,0,2,0
TiKV Java Client,span,SpanOuterClass.Link,661,0,97,0,181,0,95,0,43,0
TiKV Java Client,span,SpanOuterClass.SpanSet,595,0,68,0,155,0,77,0,41,0
TiKV Java Client,span,SpanOuterClass.Root,293,0,26,0,89,0,46,0,33,0
TiKV Java Client,span,SpanOuterClass.Link.LinkCase,74,0,5,0,16,0,9,0,5,0
TiKV Java Client,span,SpanOuterClass.Parent.Builder,183,0,12,0,58,0,31,0,25,0
TiKV Java Client,span,SpanOuterClass.Link.Builder,908,0,140,0,255,0,122,0,51,0
TiKV Java Client,span,SpanOuterClass.Root.new AbstractParser() {...},10,0,0,0,2,0,2,0,2,0
TiKV Java Client,span,SpanOuterClass.Span.new AbstractParser() {...},10,0,0,0,2,0,2,0,2,0
TiKV Java Client,span,SpanOuterClass.SpanSet.new AbstractParser() {...},10,0,0,0,2,0,2,0,2,0
TiKV Java Client,span,SpanOuterClass.Link.new AbstractParser() {...},10,0,0,0,2,0,2,0,2,0
TiKV Java Client,span,SpanOuterClass.Span,632,0,87,0,166,0,86,0,40,0
TiKV Java Client,span,SpanOuterClass.Root.Builder,148,0,10,0,47,0,27,0,22,0
TiKV Java Client,span,SpanOuterClass.Continue.new AbstractParser() {...},10,0,0,0,2,0,2,0,2,0
